<?xml version="1.0" encoding="UTF-8"?>
<coverage generated="1606247180160" clover="3.2.0">
  <project timestamp="1606247180160" name="All files">
    <metrics statements="242" coveredstatements="228" conditionals="122" coveredconditionals="110" methods="68" coveredmethods="65" elements="432" coveredelements="403" complexity="0" loc="242" ncloc="242" packages="2" files="6" classes="6"/>
    <package name="src">
      <metrics statements="230" coveredstatements="216" conditionals="122" coveredconditionals="110" methods="60" coveredmethods="57"/>
      <file name="config.js" path="/Users/sanihaseeb/Desktop/CIB/Fork2/create-issue-branch/src/config.js">
        <metrics statements="39" coveredstatements="38" conditionals="25" coveredconditionals="24" methods="13" coveredmethods="13"/>
        <line num="5" count="5" type="stmt"/>
        <line num="8" count="2" type="stmt"/>
        <line num="9" count="2" type="stmt"/>
        <line num="11" count="2" type="stmt"/>
        <line num="15" count="2" type="stmt"/>
        <line num="16" count="2" type="stmt"/>
        <line num="24" count="2" type="stmt"/>
        <line num="30" count="2" type="stmt"/>
        <line num="31" count="2" type="stmt"/>
        <line num="32" count="2" type="cond" truecount="1" falsecount="1"/>
        <line num="33" count="0" type="stmt"/>
        <line num="35" count="2" type="stmt"/>
        <line num="40" count="30" type="stmt"/>
        <line num="41" count="30" type="stmt"/>
        <line num="42" count="29" type="cond" truecount="2" falsecount="0"/>
        <line num="43" count="4" type="stmt"/>
        <line num="45" count="29" type="cond" truecount="2" falsecount="0"/>
        <line num="46" count="12" type="stmt"/>
        <line num="47" count="19" type="cond" truecount="2" falsecount="0"/>
        <line num="48" count="1" type="stmt"/>
        <line num="49" count="1" type="stmt"/>
        <line num="53" count="28" type="stmt"/>
        <line num="55" count="1" type="stmt"/>
        <line num="56" count="1" type="stmt"/>
        <line num="61" count="25" type="cond" truecount="2" falsecount="0"/>
        <line num="65" count="35" type="cond" truecount="3" falsecount="0"/>
        <line num="69" count="9" type="cond" truecount="4" falsecount="0"/>
        <line num="74" count="1" type="cond" truecount="2" falsecount="0"/>
        <line num="78" count="24" type="cond" truecount="2" falsecount="0"/>
        <line num="79" count="2" type="stmt"/>
        <line num="81" count="22" type="stmt"/>
        <line num="86" count="20" type="stmt"/>
        <line num="87" count="20" type="stmt"/>
        <line num="91" count="6" type="stmt"/>
        <line num="92" count="6" type="cond" truecount="2" falsecount="0"/>
        <line num="93" count="4" type="stmt"/>
        <line num="95" count="2" type="stmt"/>
        <line num="100" count="35" type="cond" truecount="2" falsecount="0"/>
        <line num="103" count="5" type="stmt"/>
      </file>
      <file name="context.js" path="/Users/sanihaseeb/Desktop/CIB/Fork2/create-issue-branch/src/context.js">
        <metrics statements="11" coveredstatements="11" conditionals="2" coveredconditionals="2" methods="8" coveredmethods="8"/>
        <line num="2" count="73" type="stmt"/>
        <line num="6" count="73" type="stmt"/>
        <line num="10" count="22" type="stmt"/>
        <line num="14" count="33" type="stmt"/>
        <line num="18" count="31" type="stmt"/>
        <line num="22" count="14" type="stmt"/>
        <line num="26" count="56" type="stmt"/>
        <line num="27" count="46" type="cond" truecount="2" falsecount="0"/>
        <line num="28" count="3" type="stmt"/>
        <line num="30" count="43" type="stmt"/>
        <line num="34" count="4" type="stmt"/>
      </file>
      <file name="github.js" path="/Users/sanihaseeb/Desktop/CIB/Fork2/create-issue-branch/src/github.js">
        <metrics statements="88" coveredstatements="86" conditionals="44" coveredconditionals="42" methods="15" coveredmethods="15"/>
        <line num="1" count="4" type="stmt"/>
        <line num="2" count="4" type="stmt"/>
        <line num="3" count="4" type="stmt"/>
        <line num="6" count="25" type="cond" truecount="2" falsecount="0"/>
        <line num="7" count="3" type="cond" truecount="2" falsecount="0"/>
        <line num="8" count="1" type="stmt"/>
        <line num="11" count="22" type="stmt"/>
        <line num="12" count="22" type="stmt"/>
        <line num="17" count="31" type="stmt"/>
        <line num="18" count="31" type="stmt"/>
        <line num="22" count="33" type="stmt"/>
        <line num="24" count="33" type="cond" truecount="2" falsecount="0"/>
        <line num="25" count="11" type="cond" truecount="2" falsecount="0"/>
        <line num="26" count="1" type="stmt"/>
        <line num="27" count="10" type="cond" truecount="2" falsecount="0"/>
        <line num="28" count="3" type="stmt"/>
        <line num="29" count="7" type="cond" truecount="2" falsecount="0"/>
        <line num="30" count="1" type="stmt"/>
        <line num="32" count="6" type="stmt"/>
        <line num="33" count="6" type="stmt"/>
        <line num="36" count="22" type="stmt"/>
        <line num="38" count="33" type="stmt"/>
        <line num="39" count="33" type="stmt"/>
        <line num="44" count="9" type="cond" truecount="2" falsecount="0"/>
        <line num="45" count="2" type="stmt"/>
        <line num="47" count="9" type="stmt"/>
        <line num="48" count="9" type="cond" truecount="2" falsecount="0"/>
        <line num="49" count="3" type="stmt"/>
        <line num="51" count="6" type="stmt"/>
        <line num="52" count="6" type="cond" truecount="1" falsecount="1"/>
        <line num="53" count="6" type="stmt"/>
        <line num="55" count="0" type="stmt"/>
        <line num="59" count="36" type="stmt"/>
        <line num="60" count="36" type="stmt"/>
        <line num="61" count="36" type="cond" truecount="4" falsecount="0"/>
        <line num="62" count="9" type="stmt"/>
        <line num="64" count="36" type="stmt"/>
        <line num="68" count="85" type="cond" truecount="2" falsecount="0"/>
        <line num="69" count="46" type="stmt"/>
        <line num="70" count="46" type="stmt"/>
        <line num="71" count="50" type="cond" truecount="2" falsecount="0"/>
        <line num="72" count="50" type="cond" truecount="2" falsecount="0"/>
        <line num="73" count="43" type="stmt"/>
        <line num="77" count="42" type="stmt"/>
        <line num="81" count="64" type="stmt"/>
        <line num="85" count="22" type="stmt"/>
        <line num="86" count="22" type="cond" truecount="2" falsecount="0"/>
        <line num="87" count="12" type="stmt"/>
        <line num="89" count="10" type="stmt"/>
        <line num="94" count="24" type="stmt"/>
        <line num="95" count="24" type="cond" truecount="2" falsecount="0"/>
        <line num="96" count="23" type="stmt"/>
        <line num="97" count="23" type="stmt"/>
        <line num="102" count="25" type="stmt"/>
        <line num="103" count="25" type="stmt"/>
        <line num="104" count="25" type="stmt"/>
        <line num="105" count="25" type="stmt"/>
        <line num="108" count="3" type="stmt"/>
        <line num="110" count="22" type="stmt"/>
        <line num="115" count="22" type="stmt"/>
        <line num="117" count="22" type="cond" truecount="4" falsecount="0"/>
        <line num="118" count="9" type="stmt"/>
        <line num="119" count="9" type="cond" truecount="2" falsecount="0"/>
        <line num="120" count="8" type="stmt"/>
        <line num="123" count="22" type="cond" truecount="2" falsecount="0"/>
        <line num="124" count="14" type="stmt"/>
        <line num="125" count="14" type="stmt"/>
        <line num="126" count="14" type="stmt"/>
        <line num="128" count="22" type="stmt"/>
        <line num="132" count="23" type="stmt"/>
        <line num="133" count="23" type="stmt"/>
        <line num="136" count="22" type="stmt"/>
        <line num="137" count="22" type="stmt"/>
        <line num="139" count="1" type="stmt"/>
        <line num="144" count="24" type="stmt"/>
        <line num="145" count="24" type="stmt"/>
        <line num="146" count="24" type="stmt"/>
        <line num="147" count="24" type="stmt"/>
        <line num="150" count="22" type="stmt"/>
        <line num="151" count="22" type="stmt"/>
        <line num="152" count="22" type="stmt"/>
        <line num="153" count="22" type="cond" truecount="1" falsecount="1"/>
        <line num="154" count="0" type="stmt"/>
        <line num="156" count="22" type="stmt"/>
        <line num="158" count="2" type="cond" truecount="2" falsecount="0"/>
        <line num="159" count="1" type="stmt"/>
        <line num="161" count="1" type="stmt"/>
        <line num="166" count="4" type="stmt"/>
      </file>
      <file name="probot.js" path="/Users/sanihaseeb/Desktop/CIB/Fork2/create-issue-branch/src/probot.js">
        <metrics statements="58" coveredstatements="54" conditionals="24" coveredconditionals="19" methods="12" coveredmethods="11"/>
        <line num="1" count="3" type="stmt"/>
        <line num="2" count="3" type="stmt"/>
        <line num="3" count="3" type="stmt"/>
        <line num="4" count="3" type="stmt"/>
        <line num="5" count="3" type="stmt"/>
        <line num="7" count="3" type="stmt"/>
        <line num="8" count="32" type="stmt"/>
        <line num="9" count="32" type="stmt"/>
        <line num="10" count="32" type="stmt"/>
        <line num="11" count="32" type="stmt"/>
        <line num="12" count="32" type="stmt"/>
        <line num="13" count="22" type="stmt"/>
        <line num="15" count="32" type="stmt"/>
        <line num="16" count="7" type="stmt"/>
        <line num="17" count="7" type="stmt"/>
        <line num="19" count="32" type="stmt"/>
        <line num="20" count="2" type="stmt"/>
        <line num="22" count="32" type="stmt"/>
        <line num="23" count="1" type="stmt"/>
        <line num="24" count="1" type="stmt"/>
        <line num="29" count="32" type="stmt"/>
        <line num="30" count="32" type="stmt"/>
        <line num="31" count="0" type="stmt"/>
        <line num="36" count="32" type="cond" truecount="1" falsecount="1"/>
        <line num="37" count="0" type="stmt"/>
        <line num="38" count="0" type="stmt"/>
        <line num="40" count="32" type="stmt"/>
        <line num="45" count="57" type="stmt"/>
        <line num="49" count="22" type="stmt"/>
        <line num="50" count="22" type="stmt"/>
        <line num="51" count="22" type="cond" truecount="2" falsecount="0"/>
        <line num="52" count="20" type="cond" truecount="2" falsecount="0"/>
        <line num="53" count="19" type="stmt"/>
        <line num="54" count="19" type="stmt"/>
        <line num="55" count="19" type="stmt"/>
        <line num="61" count="8" type="cond" truecount="2" falsecount="0"/>
        <line num="62" count="7" type="stmt"/>
        <line num="63" count="7" type="stmt"/>
        <line num="64" count="7" type="cond" truecount="2" falsecount="0"/>
        <line num="66" count="6" type="cond" truecount="2" falsecount="0"/>
        <line num="67" count="2" type="stmt"/>
        <line num="68" count="2" type="cond" truecount="1" falsecount="1"/>
        <line num="69" count="2" type="stmt"/>
        <line num="71" count="0" type="stmt"/>
        <line num="74" count="4" type="stmt"/>
        <line num="76" count="6" type="stmt"/>
        <line num="77" count="6" type="stmt"/>
        <line num="83" count="2" type="cond" truecount="2" falsecount="0"/>
        <line num="84" count="1" type="stmt"/>
        <line num="85" count="1" type="cond" truecount="3" falsecount="1"/>
        <line num="86" count="1" type="stmt"/>
        <line num="87" count="1" type="stmt"/>
        <line num="88" count="1" type="stmt"/>
        <line num="89" count="1" type="stmt"/>
        <line num="90" count="1" type="cond" truecount="1" falsecount="1"/>
        <line num="91" count="1" type="stmt"/>
        <line num="92" count="1" type="cond" truecount="1" falsecount="1"/>
        <line num="93" count="1" type="stmt"/>
      </file>
      <file name="utils.js" path="/Users/sanihaseeb/Desktop/CIB/Fork2/create-issue-branch/src/utils.js">
        <metrics statements="34" coveredstatements="27" conditionals="27" coveredconditionals="23" methods="12" coveredmethods="10"/>
        <line num="1" count="5" type="stmt"/>
        <line num="4" count="36" type="stmt"/>
        <line num="5" count="36" type="stmt"/>
        <line num="9" count="39" type="stmt"/>
        <line num="10" count="39" type="stmt"/>
        <line num="11" count="39" type="stmt"/>
        <line num="15" count="114" type="stmt"/>
        <line num="16" count="114" type="stmt"/>
        <line num="17" count="114" type="cond" truecount="2" falsecount="0"/>
        <line num="18" count="114" type="cond" truecount="2" falsecount="0"/>
        <line num="19" count="114" type="cond" truecount="4" falsecount="0"/>
        <line num="23" count="49" type="cond" truecount="2" falsecount="0"/>
        <line num="24" count="49" type="cond" truecount="2" falsecount="0"/>
        <line num="25" count="49" type="stmt"/>
        <line num="27" count="21" type="cond" truecount="4" falsecount="0"/>
        <line num="28" count="3" type="stmt"/>
        <line num="30" count="18" type="stmt"/>
        <line num="32" count="41" type="cond" truecount="2" falsecount="0"/>
        <line num="33" count="21" type="cond" truecount="2" falsecount="0"/>
        <line num="34" count="2" type="stmt"/>
        <line num="35" count="19" type="cond" truecount="2" falsecount="0"/>
        <line num="36" count="1" type="stmt"/>
        <line num="38" count="18" type="stmt"/>
        <line num="44" count="72" type="stmt"/>
        <line num="45" count="72" type="stmt"/>
        <line num="49" count="22" type="stmt"/>
        <line num="53" count="0" type="cond" truecount="0" falsecount="2"/>
        <line num="54" count="0" type="stmt"/>
        <line num="60" count="0" type="stmt"/>
        <line num="61" count="0" type="stmt"/>
        <line num="62" count="0" type="cond" truecount="0" falsecount="2"/>
        <line num="63" count="0" type="stmt"/>
        <line num="65" count="0" type="stmt"/>
        <line num="70" count="5" type="stmt"/>
      </file>
    </package>
    <package name="tests">
      <metrics statements="12" coveredstatements="12" conditionals="0" coveredconditionals="0" methods="8" coveredmethods="8"/>
      <file name="test-helpers.js" path="/Users/sanihaseeb/Desktop/CIB/Fork2/create-issue-branch/tests/test-helpers.js">
        <metrics statements="12" coveredstatements="12" conditionals="0" coveredconditionals="0" methods="8" coveredmethods="8"/>
        <line num="1" count="3" type="stmt"/>
        <line num="2" count="3" type="stmt"/>
        <line num="5" count="12" type="stmt"/>
        <line num="6" count="18" type="stmt"/>
        <line num="7" count="12" type="stmt"/>
        <line num="11" count="32" type="stmt"/>
        <line num="17" count="4" type="stmt"/>
        <line num="30" count="28" type="stmt"/>
        <line num="37" count="39" type="stmt"/>
        <line num="43" count="24" type="stmt"/>
        <line num="49" count="17" type="stmt"/>
        <line num="54" count="3" type="stmt"/>
      </file>
    </package>
  </project>
</coverage>
