<?xml version="1.0" encoding="UTF-8"?>
<coverage generated="1582992764113" clover="3.2.0">
  <project timestamp="1582992764113" name="All files">
    <metrics statements="129" coveredstatements="119" conditionals="74" coveredconditionals="67" methods="34" coveredmethods="32" elements="237" coveredelements="218" complexity="0" loc="129" ncloc="129" packages="1" files="1" classes="1"/>
    <file name="probot.js" path="/Users/pgff/Coding/bitsbybrad/create-issue-branch/probot.js">
      <metrics statements="129" coveredstatements="119" conditionals="74" coveredconditionals="67" methods="34" coveredmethods="32"/>
      <line num="1" count="1" type="stmt"/>
      <line num="2" count="1" type="stmt"/>
      <line num="3" count="1" type="stmt"/>
      <line num="5" count="1" type="stmt"/>
      <line num="6" count="34" type="stmt"/>
      <line num="8" count="34" type="cond" truecount="1" falsecount="1"/>
      <line num="9" count="0" type="stmt"/>
      <line num="10" count="0" type="stmt"/>
      <line num="12" count="34" type="stmt"/>
      <line num="15" count="34" type="stmt"/>
      <line num="16" count="14" type="stmt"/>
      <line num="17" count="14" type="stmt"/>
      <line num="18" count="14" type="cond" truecount="4" falsecount="0"/>
      <line num="19" count="13" type="stmt"/>
      <line num="22" count="34" type="stmt"/>
      <line num="23" count="3" type="cond" truecount="1" falsecount="1"/>
      <line num="24" count="3" type="stmt"/>
      <line num="25" count="3" type="stmt"/>
      <line num="26" count="3" type="cond" truecount="4" falsecount="0"/>
      <line num="27" count="2" type="stmt"/>
      <line num="34" count="15" type="stmt"/>
      <line num="35" count="15" type="stmt"/>
      <line num="36" count="15" type="stmt"/>
      <line num="37" count="15" type="cond" truecount="2" falsecount="0"/>
      <line num="38" count="1" type="stmt"/>
      <line num="40" count="14" type="stmt"/>
      <line num="41" count="14" type="stmt"/>
      <line num="42" count="14" type="stmt"/>
      <line num="43" count="14" type="stmt"/>
      <line num="48" count="14" type="stmt"/>
      <line num="52" count="13" type="stmt"/>
      <line num="56" count="30" type="stmt"/>
      <line num="60" count="30" type="stmt"/>
      <line num="64" count="14" type="stmt"/>
      <line num="68" count="23" type="stmt"/>
      <line num="72" count="23" type="stmt"/>
      <line num="76" count="8" type="stmt"/>
      <line num="80" count="15" type="cond" truecount="2" falsecount="0"/>
      <line num="81" count="1" type="stmt"/>
      <line num="82" count="1" type="stmt"/>
      <line num="87" count="27" type="stmt"/>
      <line num="88" count="25" type="cond" truecount="2" falsecount="0"/>
      <line num="89" count="2" type="stmt"/>
      <line num="91" count="23" type="stmt"/>
      <line num="96" count="15" type="stmt"/>
      <line num="97" count="15" type="stmt"/>
      <line num="100" count="1" type="stmt"/>
      <line num="102" count="14" type="stmt"/>
      <line num="107" count="14" type="stmt"/>
      <line num="109" count="14" type="cond" truecount="4" falsecount="0"/>
      <line num="110" count="7" type="stmt"/>
      <line num="111" count="7" type="cond" truecount="2" falsecount="0"/>
      <line num="112" count="6" type="stmt"/>
      <line num="115" count="14" type="cond" truecount="2" falsecount="0"/>
      <line num="116" count="8" type="stmt"/>
      <line num="117" count="8" type="stmt"/>
      <line num="118" count="8" type="stmt"/>
      <line num="120" count="14" type="stmt"/>
      <line num="124" count="15" type="stmt"/>
      <line num="125" count="15" type="stmt"/>
      <line num="128" count="14" type="stmt"/>
      <line num="129" count="14" type="stmt"/>
      <line num="131" count="1" type="stmt"/>
      <line num="136" count="16" type="stmt"/>
      <line num="137" count="16" type="stmt"/>
      <line num="140" count="14" type="cond" truecount="1" falsecount="1"/>
      <line num="141" count="0" type="stmt"/>
      <line num="143" count="14" type="stmt"/>
      <line num="145" count="2" type="cond" truecount="2" falsecount="0"/>
      <line num="146" count="1" type="stmt"/>
      <line num="148" count="1" type="stmt"/>
      <line num="154" count="0" type="cond" truecount="0" falsecount="2"/>
      <line num="155" count="0" type="stmt"/>
      <line num="161" count="0" type="stmt"/>
      <line num="162" count="0" type="stmt"/>
      <line num="163" count="0" type="cond" truecount="0" falsecount="2"/>
      <line num="164" count="0" type="stmt"/>
      <line num="166" count="0" type="stmt"/>
      <line num="172" count="13" type="stmt"/>
      <line num="176" count="30" type="cond" truecount="2" falsecount="0"/>
      <line num="180" count="15" type="cond" truecount="2" falsecount="0"/>
      <line num="181" count="1" type="stmt"/>
      <line num="182" count="14" type="cond" truecount="2" falsecount="0"/>
      <line num="183" count="1" type="stmt"/>
      <line num="185" count="13" type="stmt"/>
      <line num="189" count="23" type="stmt"/>
      <line num="190" count="23" type="stmt"/>
      <line num="193" count="23" type="cond" truecount="2" falsecount="0"/>
      <line num="194" count="2" type="stmt"/>
      <line num="195" count="2" type="cond" truecount="4" falsecount="0"/>
      <line num="197" count="21" type="cond" truecount="4" falsecount="0"/>
      <line num="198" count="1" type="stmt"/>
      <line num="199" count="20" type="cond" truecount="4" falsecount="0"/>
      <line num="200" count="3" type="stmt"/>
      <line num="202" count="17" type="stmt"/>
      <line num="204" count="23" type="stmt"/>
      <line num="208" count="26" type="stmt"/>
      <line num="209" count="26" type="stmt"/>
      <line num="210" count="26" type="cond" truecount="4" falsecount="0"/>
      <line num="211" count="8" type="stmt"/>
      <line num="213" count="26" type="stmt"/>
      <line num="217" count="43" type="cond" truecount="2" falsecount="0"/>
      <line num="218" count="25" type="stmt"/>
      <line num="219" count="25" type="stmt"/>
      <line num="220" count="32" type="cond" truecount="2" falsecount="0"/>
      <line num="221" count="23" type="stmt"/>
      <line num="225" count="20" type="stmt"/>
      <line num="229" count="26" type="stmt"/>
      <line num="230" count="26" type="cond" truecount="2" falsecount="0"/>
      <line num="231" count="14" type="stmt"/>
      <line num="233" count="26" type="stmt"/>
      <line num="237" count="26" type="stmt"/>
      <line num="238" count="26" type="stmt"/>
      <line num="239" count="26" type="cond" truecount="2" falsecount="0"/>
      <line num="240" count="26" type="cond" truecount="2" falsecount="0"/>
      <line num="241" count="26" type="cond" truecount="4" falsecount="0"/>
      <line num="245" count="30" type="stmt"/>
      <line num="246" count="6" type="stmt"/>
      <line num="247" count="13" type="cond" truecount="2" falsecount="0"/>
      <line num="252" count="40" type="stmt"/>
      <line num="253" count="40" type="stmt"/>
      <line num="257" count="1" type="stmt"/>
      <line num="258" count="1" type="stmt"/>
      <line num="259" count="1" type="stmt"/>
      <line num="260" count="1" type="stmt"/>
      <line num="261" count="1" type="stmt"/>
      <line num="262" count="1" type="stmt"/>
      <line num="263" count="1" type="stmt"/>
      <line num="264" count="1" type="stmt"/>
    </file>
  </project>
</coverage>
