{"/Users/sanihaseeb/Desktop/CIB/Fork2/create-issue-branch/src/config.js": {"path":"/Users/sanihaseeb/Desktop/CIB/Fork2/create-issue-branch/src/config.js","statementMap":{"0":{"start":{"line":5,"column":19},"end":{"line":5,"column":67}},"1":{"start":{"line":8,"column":19},"end":{"line":8,"column":51}},"2":{"start":{"line":9,"column":17},"end":{"line":10,"column":75}},"3":{"start":{"line":11,"column":2},"end":{"line":11,"column":26}},"4":{"start":{"line":15,"column":20},"end":{"line":23,"column":3}},"5":{"start":{"line":16,"column":4},"end":{"line":22,"column":1}},"6":{"start":{"line":24,"column":2},"end":{"line":26,"column":5}},"7":{"start":{"line":30,"column":2},"end":{"line":30,"column":47}},"8":{"start":{"line":31,"column":17},"end":{"line":31,"column":55}},"9":{"start":{"line":32,"column":2},"end":{"line":36,"column":3}},"10":{"start":{"line":33,"column":4},"end":{"line":33,"column":87}},"11":{"start":{"line":35,"column":4},"end":{"line":35,"column":50}},"12":{"start":{"line":40,"column":2},"end":{"line":57,"column":3}},"13":{"start":{"line":41,"column":17},"end":{"line":41,"column":53}},"14":{"start":{"line":42,"column":4},"end":{"line":44,"column":5}},"15":{"start":{"line":43,"column":6},"end":{"line":43,"column":56}},"16":{"start":{"line":45,"column":4},"end":{"line":52,"column":5}},"17":{"start":{"line":46,"column":6},"end":{"line":51,"column":7}},"18":{"start":{"line":47,"column":8},"end":{"line":50,"column":9}},"19":{"start":{"line":48,"column":10},"end":{"line":48,"column":113}},"20":{"start":{"line":49,"column":10},"end":{"line":49,"column":26}},"21":{"start":{"line":53,"column":4},"end":{"line":53,"column":17}},"22":{"start":{"line":55,"column":4},"end":{"line":55,"column":86}},"23":{"start":{"line":56,"column":4},"end":{"line":56,"column":20}},"24":{"start":{"line":61,"column":2},"end":{"line":61,"column":43}},"25":{"start":{"line":65,"column":2},"end":{"line":65,"column":61}},"26":{"start":{"line":69,"column":2},"end":{"line":70,"column":52}},"27":{"start":{"line":74,"column":2},"end":{"line":74,"column":71}},"28":{"start":{"line":78,"column":2},"end":{"line":82,"column":3}},"29":{"start":{"line":79,"column":4},"end":{"line":79,"column":33}},"30":{"start":{"line":81,"column":4},"end":{"line":81,"column":16}},"31":{"start":{"line":86,"column":16},"end":{"line":86,"column":50}},"32":{"start":{"line":87,"column":2},"end":{"line":87,"column":60}},"33":{"start":{"line":91,"column":24},"end":{"line":91,"column":45}},"34":{"start":{"line":92,"column":2},"end":{"line":96,"column":3}},"35":{"start":{"line":93,"column":4},"end":{"line":93,"column":41}},"36":{"start":{"line":95,"column":4},"end":{"line":95,"column":20}},"37":{"start":{"line":100,"column":2},"end":{"line":100,"column":76}},"38":{"start":{"line":103,"column":0},"end":{"line":113,"column":1}}},"fnMap":{"0":{"name":"findConfigurationErrorIssue","decl":{"start":{"line":7,"column":15},"end":{"line":7,"column":42}},"loc":{"start":{"line":7,"column":49},"end":{"line":12,"column":1}},"line":7},"1":{"name":"createConfigurationErrorIssue","decl":{"start":{"line":14,"column":15},"end":{"line":14,"column":44}},"loc":{"start":{"line":14,"column":56},"end":{"line":27,"column":1}},"line":14},"2":{"name":"(anonymous_2)","decl":{"start":{"line":15,"column":20},"end":{"line":15,"column":21}},"loc":{"start":{"line":15,"column":29},"end":{"line":23,"column":3}},"line":15},"3":{"name":"handleError","decl":{"start":{"line":29,"column":15},"end":{"line":29,"column":26}},"loc":{"start":{"line":29,"column":38},"end":{"line":37,"column":1}},"line":29},"4":{"name":"load","decl":{"start":{"line":39,"column":15},"end":{"line":39,"column":19}},"loc":{"start":{"line":39,"column":26},"end":{"line":58,"column":1}},"line":39},"5":{"name":"isModeAuto","decl":{"start":{"line":60,"column":9},"end":{"line":60,"column":19}},"loc":{"start":{"line":60,"column":29},"end":{"line":62,"column":1}},"line":60},"6":{"name":"isModeChatOps","decl":{"start":{"line":64,"column":9},"end":{"line":64,"column":22}},"loc":{"start":{"line":64,"column":32},"end":{"line":66,"column":1}},"line":64},"7":{"name":"isExperimentalBranchNameArgument","decl":{"start":{"line":68,"column":9},"end":{"line":68,"column":41}},"loc":{"start":{"line":68,"column":51},"end":{"line":71,"column":1}},"line":68},"8":{"name":"autoCloseIssue","decl":{"start":{"line":73,"column":9},"end":{"line":73,"column":23}},"loc":{"start":{"line":73,"column":33},"end":{"line":75,"column":1}},"line":73},"9":{"name":"isSilent","decl":{"start":{"line":77,"column":9},"end":{"line":77,"column":17}},"loc":{"start":{"line":77,"column":27},"end":{"line":83,"column":1}},"line":77},"10":{"name":"isChatOpsCommand","decl":{"start":{"line":85,"column":9},"end":{"line":85,"column":25}},"loc":{"start":{"line":85,"column":30},"end":{"line":88,"column":1}},"line":85},"11":{"name":"getChatOpsCommandArgument","decl":{"start":{"line":90,"column":9},"end":{"line":90,"column":34}},"loc":{"start":{"line":90,"column":39},"end":{"line":97,"column":1}},"line":90},"12":{"name":"getGitSafeReplacementChar","decl":{"start":{"line":99,"column":9},"end":{"line":99,"column":34}},"loc":{"start":{"line":99,"column":44},"end":{"line":101,"column":1}},"line":99}},"branchMap":{"0":{"loc":{"start":{"line":32,"column":2},"end":{"line":36,"column":3}},"type":"if","locations":[{"start":{"line":32,"column":2},"end":{"line":36,"column":3}},{"start":{"line":32,"column":2},"end":{"line":36,"column":3}}],"line":32},"1":{"loc":{"start":{"line":42,"column":4},"end":{"line":44,"column":5}},"type":"if","locations":[{"start":{"line":42,"column":4},"end":{"line":44,"column":5}},{"start":{"line":42,"column":4},"end":{"line":44,"column":5}}],"line":42},"2":{"loc":{"start":{"line":45,"column":4},"end":{"line":52,"column":5}},"type":"if","locations":[{"start":{"line":45,"column":4},"end":{"line":52,"column":5}},{"start":{"line":45,"column":4},"end":{"line":52,"column":5}}],"line":45},"3":{"loc":{"start":{"line":47,"column":8},"end":{"line":50,"column":9}},"type":"if","locations":[{"start":{"line":47,"column":8},"end":{"line":50,"column":9}},{"start":{"line":47,"column":8},"end":{"line":50,"column":9}}],"line":47},"4":{"loc":{"start":{"line":61,"column":10},"end":{"line":61,"column":42}},"type":"binary-expr","locations":[{"start":{"line":61,"column":10},"end":{"line":61,"column":16}},{"start":{"line":61,"column":20},"end":{"line":61,"column":42}}],"line":61},"5":{"loc":{"start":{"line":65,"column":10},"end":{"line":65,"column":60}},"type":"binary-expr","locations":[{"start":{"line":65,"column":10},"end":{"line":65,"column":16}},{"start":{"line":65,"column":20},"end":{"line":65,"column":31}},{"start":{"line":65,"column":35},"end":{"line":65,"column":60}}],"line":65},"6":{"loc":{"start":{"line":69,"column":10},"end":{"line":70,"column":51}},"type":"binary-expr","locations":[{"start":{"line":69,"column":10},"end":{"line":69,"column":16}},{"start":{"line":69,"column":20},"end":{"line":69,"column":39}},{"start":{"line":69,"column":43},"end":{"line":69,"column":81}},{"start":{"line":70,"column":4},"end":{"line":70,"column":51}}],"line":69},"7":{"loc":{"start":{"line":74,"column":10},"end":{"line":74,"column":70}},"type":"binary-expr","locations":[{"start":{"line":74,"column":10},"end":{"line":74,"column":36}},{"start":{"line":74,"column":40},"end":{"line":74,"column":70}}],"line":74},"8":{"loc":{"start":{"line":78,"column":2},"end":{"line":82,"column":3}},"type":"if","locations":[{"start":{"line":78,"column":2},"end":{"line":82,"column":3}},{"start":{"line":78,"column":2},"end":{"line":82,"column":3}}],"line":78},"9":{"loc":{"start":{"line":92,"column":2},"end":{"line":96,"column":3}},"type":"if","locations":[{"start":{"line":92,"column":2},"end":{"line":96,"column":3}},{"start":{"line":92,"column":2},"end":{"line":96,"column":3}}],"line":92},"10":{"loc":{"start":{"line":100,"column":9},"end":{"line":100,"column":76}},"type":"cond-expr","locations":[{"start":{"line":100,"column":41},"end":{"line":100,"column":70}},{"start":{"line":100,"column":73},"end":{"line":100,"column":76}}],"line":100}},"s":{"0":5,"1":2,"2":2,"3":2,"4":2,"5":2,"6":2,"7":2,"8":2,"9":2,"10":0,"11":2,"12":30,"13":30,"14":29,"15":4,"16":29,"17":12,"18":19,"19":1,"20":1,"21":28,"22":1,"23":1,"24":25,"25":35,"26":9,"27":1,"28":24,"29":2,"30":22,"31":20,"32":20,"33":6,"34":6,"35":4,"36":2,"37":35,"38":5},"f":{"0":2,"1":2,"2":2,"3":2,"4":30,"5":25,"6":35,"7":9,"8":1,"9":24,"10":20,"11":6,"12":35},"b":{"0":[0,2],"1":[4,25],"2":[12,17],"3":[1,18],"4":[25,22],"5":[35,34,14],"6":[9,8,4,3],"7":[1,1],"8":[2,22],"9":[4,2],"10":[1,34]},"_coverageSchema":"1a1c01bbd47fc00a2c39e90264f33305004495a9","hash":"62479929a25b94842f701ef88edc2a245974f496"}
,"/Users/sanihaseeb/Desktop/CIB/Fork2/create-issue-branch/src/context.js": {"path":"/Users/sanihaseeb/Desktop/CIB/Fork2/create-issue-branch/src/context.js","statementMap":{"0":{"start":{"line":2,"column":2},"end":{"line":2,"column":43}},"1":{"start":{"line":6,"column":2},"end":{"line":6,"column":36}},"2":{"start":{"line":10,"column":2},"end":{"line":10,"column":40}},"3":{"start":{"line":14,"column":2},"end":{"line":14,"column":33}},"4":{"start":{"line":18,"column":2},"end":{"line":18,"column":32}},"5":{"start":{"line":22,"column":2},"end":{"line":22,"column":46}},"6":{"start":{"line":26,"column":17},"end":{"line":26,"column":58}},"7":{"start":{"line":26,"column":51},"end":{"line":26,"column":57}},"8":{"start":{"line":27,"column":2},"end":{"line":31,"column":3}},"9":{"start":{"line":28,"column":4},"end":{"line":28,"column":15}},"10":{"start":{"line":30,"column":4},"end":{"line":30,"column":17}},"11":{"start":{"line":34,"column":0},"end":{"line":42,"column":1}}},"fnMap":{"0":{"name":"getRepoOwner","decl":{"start":{"line":1,"column":9},"end":{"line":1,"column":21}},"loc":{"start":{"line":1,"column":28},"end":{"line":3,"column":1}},"line":1},"1":{"name":"getRepoName","decl":{"start":{"line":5,"column":9},"end":{"line":5,"column":20}},"loc":{"start":{"line":5,"column":27},"end":{"line":7,"column":1}},"line":5},"2":{"name":"getRepoUrl","decl":{"start":{"line":9,"column":9},"end":{"line":9,"column":19}},"loc":{"start":{"line":9,"column":26},"end":{"line":11,"column":1}},"line":9},"3":{"name":"getIssueNumber","decl":{"start":{"line":13,"column":9},"end":{"line":13,"column":23}},"loc":{"start":{"line":13,"column":30},"end":{"line":15,"column":1}},"line":13},"4":{"name":"getIssueTitle","decl":{"start":{"line":17,"column":9},"end":{"line":17,"column":22}},"loc":{"start":{"line":17,"column":29},"end":{"line":19,"column":1}},"line":17},"5":{"name":"getDefaultBranch","decl":{"start":{"line":21,"column":9},"end":{"line":21,"column":25}},"loc":{"start":{"line":21,"column":32},"end":{"line":23,"column":1}},"line":21},"6":{"name":"getIssueLabels","decl":{"start":{"line":25,"column":9},"end":{"line":25,"column":23}},"loc":{"start":{"line":25,"column":30},"end":{"line":32,"column":1}},"line":25},"7":{"name":"(anonymous_7)","decl":{"start":{"line":26,"column":46},"end":{"line":26,"column":47}},"loc":{"start":{"line":26,"column":51},"end":{"line":26,"column":57}},"line":26}},"branchMap":{"0":{"loc":{"start":{"line":27,"column":2},"end":{"line":31,"column":3}},"type":"if","locations":[{"start":{"line":27,"column":2},"end":{"line":31,"column":3}},{"start":{"line":27,"column":2},"end":{"line":31,"column":3}}],"line":27}},"s":{"0":73,"1":73,"2":22,"3":33,"4":31,"5":14,"6":46,"7":56,"8":46,"9":3,"10":43,"11":4},"f":{"0":73,"1":73,"2":22,"3":33,"4":31,"5":14,"6":46,"7":56},"b":{"0":[3,43]},"_coverageSchema":"1a1c01bbd47fc00a2c39e90264f33305004495a9","hash":"ada54772e20726178483a157af1a8089a21786a7"}
,"/Users/sanihaseeb/Desktop/CIB/Fork2/create-issue-branch/src/github.js": {"path":"/Users/sanihaseeb/Desktop/CIB/Fork2/create-issue-branch/src/github.js","statementMap":{"0":{"start":{"line":1,"column":15},"end":{"line":1,"column":34}},"1":{"start":{"line":2,"column":14},"end":{"line":2,"column":32}},"2":{"start":{"line":3,"column":16},"end":{"line":3,"column":36}},"3":{"start":{"line":6,"column":2},"end":{"line":13,"column":3}},"4":{"start":{"line":7,"column":4},"end":{"line":9,"column":5}},"5":{"start":{"line":8,"column":6},"end":{"line":8,"column":60}},"6":{"start":{"line":11,"column":16},"end":{"line":11,"column":66}},"7":{"start":{"line":12,"column":4},"end":{"line":12,"column":61}},"8":{"start":{"line":17,"column":16},"end":{"line":17,"column":42}},"9":{"start":{"line":18,"column":2},"end":{"line":18,"column":42}},"10":{"start":{"line":22,"column":17},"end":{"line":22,"column":44}},"11":{"start":{"line":24,"column":2},"end":{"line":37,"column":3}},"12":{"start":{"line":25,"column":4},"end":{"line":34,"column":5}},"13":{"start":{"line":26,"column":6},"end":{"line":26,"column":27}},"14":{"start":{"line":27,"column":11},"end":{"line":34,"column":5}},"15":{"start":{"line":28,"column":6},"end":{"line":28,"column":32}},"16":{"start":{"line":29,"column":11},"end":{"line":34,"column":5}},"17":{"start":{"line":30,"column":6},"end":{"line":30,"column":41}},"18":{"start":{"line":32,"column":6},"end":{"line":32,"column":37}},"19":{"start":{"line":33,"column":6},"end":{"line":33,"column":64}},"20":{"start":{"line":36,"column":4},"end":{"line":36,"column":39}},"21":{"start":{"line":38,"column":26},"end":{"line":38,"column":66}},"22":{"start":{"line":39,"column":2},"end":{"line":40,"column":46}},"23":{"start":{"line":44,"column":2},"end":{"line":46,"column":3}},"24":{"start":{"line":45,"column":4},"end":{"line":45,"column":70}},"25":{"start":{"line":47,"column":14},"end":{"line":47,"column":44}},"26":{"start":{"line":48,"column":2},"end":{"line":50,"column":3}},"27":{"start":{"line":49,"column":4},"end":{"line":49,"column":29}},"28":{"start":{"line":51,"column":2},"end":{"line":51,"column":42}},"29":{"start":{"line":52,"column":2},"end":{"line":54,"column":3}},"30":{"start":{"line":53,"column":4},"end":{"line":53,"column":29}},"31":{"start":{"line":55,"column":2},"end":{"line":55,"column":18}},"32":{"start":{"line":59,"column":15},"end":{"line":59,"column":17}},"33":{"start":{"line":60,"column":23},"end":{"line":60,"column":56}},"34":{"start":{"line":61,"column":2},"end":{"line":63,"column":3}},"35":{"start":{"line":62,"column":4},"end":{"line":62,"column":32}},"36":{"start":{"line":64,"column":2},"end":{"line":64,"column":47}},"37":{"start":{"line":68,"column":2},"end":{"line":76,"column":3}},"38":{"start":{"line":69,"column":24},"end":{"line":69,"column":51}},"39":{"start":{"line":70,"column":4},"end":{"line":75,"column":5}},"40":{"start":{"line":71,"column":21},"end":{"line":71,"column":100}},"41":{"start":{"line":72,"column":6},"end":{"line":74,"column":7}},"42":{"start":{"line":73,"column":8},"end":{"line":73,"column":27}},"43":{"start":{"line":77,"column":2},"end":{"line":77,"column":18}},"44":{"start":{"line":81,"column":2},"end":{"line":81,"column":102}},"45":{"start":{"line":81,"column":31},"end":{"line":81,"column":101}},"46":{"start":{"line":81,"column":62},"end":{"line":81,"column":100}},"47":{"start":{"line":85,"column":23},"end":{"line":85,"column":56}},"48":{"start":{"line":86,"column":2},"end":{"line":90,"column":3}},"49":{"start":{"line":87,"column":4},"end":{"line":87,"column":37}},"50":{"start":{"line":89,"column":4},"end":{"line":89,"column":16}},"51":{"start":{"line":94,"column":17},"end":{"line":94,"column":40}},"52":{"start":{"line":95,"column":2},"end":{"line":98,"column":3}},"53":{"start":{"line":96,"column":19},"end":{"line":96,"column":47}},"54":{"start":{"line":97,"column":4},"end":{"line":97,"column":50}},"55":{"start":{"line":102,"column":16},"end":{"line":102,"column":41}},"56":{"start":{"line":103,"column":15},"end":{"line":103,"column":39}},"57":{"start":{"line":104,"column":2},"end":{"line":111,"column":3}},"58":{"start":{"line":105,"column":4},"end":{"line":107,"column":6}},"59":{"start":{"line":108,"column":4},"end":{"line":108,"column":15}},"60":{"start":{"line":110,"column":4},"end":{"line":110,"column":16}},"61":{"start":{"line":115,"column":23},"end":{"line":115,"column":56}},"62":{"start":{"line":117,"column":2},"end":{"line":122,"column":3}},"63":{"start":{"line":118,"column":4},"end":{"line":118,"column":59}},"64":{"start":{"line":119,"column":4},"end":{"line":121,"column":5}},"65":{"start":{"line":120,"column":6},"end":{"line":120,"column":48}},"66":{"start":{"line":123,"column":2},"end":{"line":127,"column":3}},"67":{"start":{"line":124,"column":26},"end":{"line":124,"column":55}},"68":{"start":{"line":125,"column":4},"end":{"line":125,"column":42}},"69":{"start":{"line":126,"column":4},"end":{"line":126,"column":55}},"70":{"start":{"line":128,"column":2},"end":{"line":128,"column":15}},"71":{"start":{"line":132,"column":2},"end":{"line":140,"column":3}},"72":{"start":{"line":133,"column":16},"end":{"line":135,"column":6}},"73":{"start":{"line":136,"column":16},"end":{"line":136,"column":31}},"74":{"start":{"line":137,"column":4},"end":{"line":137,"column":18}},"75":{"start":{"line":139,"column":4},"end":{"line":139,"column":20}},"76":{"start":{"line":144,"column":16},"end":{"line":144,"column":41}},"77":{"start":{"line":145,"column":15},"end":{"line":145,"column":39}},"78":{"start":{"line":146,"column":2},"end":{"line":163,"column":3}},"79":{"start":{"line":147,"column":16},"end":{"line":149,"column":6}},"80":{"start":{"line":150,"column":4},"end":{"line":150,"column":40}},"81":{"start":{"line":151,"column":4},"end":{"line":151,"column":73}},"82":{"start":{"line":152,"column":4},"end":{"line":152,"column":115}},"83":{"start":{"line":153,"column":4},"end":{"line":155,"column":5}},"84":{"start":{"line":154,"column":6},"end":{"line":154,"column":27}},"85":{"start":{"line":156,"column":4},"end":{"line":156,"column":14}},"86":{"start":{"line":158,"column":4},"end":{"line":162,"column":5}},"87":{"start":{"line":159,"column":6},"end":{"line":159,"column":62}},"88":{"start":{"line":161,"column":6},"end":{"line":161,"column":77}},"89":{"start":{"line":166,"column":0},"end":{"line":175,"column":1}}},"fnMap":{"0":{"name":"createIssueBranch","decl":{"start":{"line":5,"column":15},"end":{"line":5,"column":32}},"loc":{"start":{"line":5,"column":64},"end":{"line":14,"column":1}},"line":5},"1":{"name":"getBranchNameFromIssue","decl":{"start":{"line":16,"column":15},"end":{"line":16,"column":37}},"loc":{"start":{"line":16,"column":52},"end":{"line":19,"column":1}},"line":16},"2":{"name":"getBranchName","decl":{"start":{"line":21,"column":15},"end":{"line":21,"column":28}},"loc":{"start":{"line":21,"column":50},"end":{"line":41,"column":1}},"line":21},"3":{"name":"getIssueNumberFromBranchName","decl":{"start":{"line":43,"column":9},"end":{"line":43,"column":37}},"loc":{"start":{"line":43,"column":51},"end":{"line":56,"column":1}},"line":43},"4":{"name":"getIssueBranchPrefix","decl":{"start":{"line":58,"column":9},"end":{"line":58,"column":29}},"loc":{"start":{"line":58,"column":44},"end":{"line":65,"column":1}},"line":58},"5":{"name":"getIssueBranchConfig","decl":{"start":{"line":67,"column":9},"end":{"line":67,"column":29}},"loc":{"start":{"line":67,"column":44},"end":{"line":78,"column":1}},"line":67},"6":{"name":"allLabelsMatchIssueLabels","decl":{"start":{"line":80,"column":9},"end":{"line":80,"column":34}},"loc":{"start":{"line":80,"column":57},"end":{"line":82,"column":1}},"line":80},"7":{"name":"(anonymous_7)","decl":{"start":{"line":81,"column":22},"end":{"line":81,"column":23}},"loc":{"start":{"line":81,"column":31},"end":{"line":81,"column":101}},"line":81},"8":{"name":"(anonymous_8)","decl":{"start":{"line":81,"column":48},"end":{"line":81,"column":49}},"loc":{"start":{"line":81,"column":62},"end":{"line":81,"column":100}},"line":81},"9":{"name":"skipBranchCreationForIssue","decl":{"start":{"line":84,"column":9},"end":{"line":84,"column":35}},"loc":{"start":{"line":84,"column":50},"end":{"line":91,"column":1}},"line":84},"10":{"name":"addComment","decl":{"start":{"line":93,"column":15},"end":{"line":93,"column":25}},"loc":{"start":{"line":93,"column":49},"end":{"line":99,"column":1}},"line":93},"11":{"name":"branchExists","decl":{"start":{"line":101,"column":15},"end":{"line":101,"column":27}},"loc":{"start":{"line":101,"column":46},"end":{"line":112,"column":1}},"line":101},"12":{"name":"getSourceBranchHeadSha","decl":{"start":{"line":114,"column":15},"end":{"line":114,"column":37}},"loc":{"start":{"line":114,"column":57},"end":{"line":129,"column":1}},"line":114},"13":{"name":"getBranchHeadSha","decl":{"start":{"line":131,"column":15},"end":{"line":131,"column":31}},"loc":{"start":{"line":131,"column":46},"end":{"line":141,"column":1}},"line":131},"14":{"name":"createBranch","decl":{"start":{"line":143,"column":15},"end":{"line":143,"column":27}},"loc":{"start":{"line":143,"column":64},"end":{"line":164,"column":1}},"line":143}},"branchMap":{"0":{"loc":{"start":{"line":6,"column":2},"end":{"line":13,"column":3}},"type":"if","locations":[{"start":{"line":6,"column":2},"end":{"line":13,"column":3}},{"start":{"line":6,"column":2},"end":{"line":13,"column":3}}],"line":6},"1":{"loc":{"start":{"line":7,"column":4},"end":{"line":9,"column":5}},"type":"if","locations":[{"start":{"line":7,"column":4},"end":{"line":9,"column":5}},{"start":{"line":7,"column":4},"end":{"line":9,"column":5}}],"line":7},"2":{"loc":{"start":{"line":24,"column":2},"end":{"line":37,"column":3}},"type":"if","locations":[{"start":{"line":24,"column":2},"end":{"line":37,"column":3}},{"start":{"line":24,"column":2},"end":{"line":37,"column":3}}],"line":24},"3":{"loc":{"start":{"line":25,"column":4},"end":{"line":34,"column":5}},"type":"if","locations":[{"start":{"line":25,"column":4},"end":{"line":34,"column":5}},{"start":{"line":25,"column":4},"end":{"line":34,"column":5}}],"line":25},"4":{"loc":{"start":{"line":27,"column":11},"end":{"line":34,"column":5}},"type":"if","locations":[{"start":{"line":27,"column":11},"end":{"line":34,"column":5}},{"start":{"line":27,"column":11},"end":{"line":34,"column":5}}],"line":27},"5":{"loc":{"start":{"line":29,"column":11},"end":{"line":34,"column":5}},"type":"if","locations":[{"start":{"line":29,"column":11},"end":{"line":34,"column":5}},{"start":{"line":29,"column":11},"end":{"line":34,"column":5}}],"line":29},"6":{"loc":{"start":{"line":44,"column":2},"end":{"line":46,"column":3}},"type":"if","locations":[{"start":{"line":44,"column":2},"end":{"line":46,"column":3}},{"start":{"line":44,"column":2},"end":{"line":46,"column":3}}],"line":44},"7":{"loc":{"start":{"line":48,"column":2},"end":{"line":50,"column":3}},"type":"if","locations":[{"start":{"line":48,"column":2},"end":{"line":50,"column":3}},{"start":{"line":48,"column":2},"end":{"line":50,"column":3}}],"line":48},"8":{"loc":{"start":{"line":52,"column":2},"end":{"line":54,"column":3}},"type":"if","locations":[{"start":{"line":52,"column":2},"end":{"line":54,"column":3}},{"start":{"line":52,"column":2},"end":{"line":54,"column":3}}],"line":52},"9":{"loc":{"start":{"line":61,"column":2},"end":{"line":63,"column":3}},"type":"if","locations":[{"start":{"line":61,"column":2},"end":{"line":63,"column":3}},{"start":{"line":61,"column":2},"end":{"line":63,"column":3}}],"line":61},"10":{"loc":{"start":{"line":61,"column":6},"end":{"line":61,"column":41}},"type":"binary-expr","locations":[{"start":{"line":61,"column":6},"end":{"line":61,"column":18}},{"start":{"line":61,"column":22},"end":{"line":61,"column":41}}],"line":61},"11":{"loc":{"start":{"line":68,"column":2},"end":{"line":76,"column":3}},"type":"if","locations":[{"start":{"line":68,"column":2},"end":{"line":76,"column":3}},{"start":{"line":68,"column":2},"end":{"line":76,"column":3}}],"line":68},"12":{"loc":{"start":{"line":71,"column":21},"end":{"line":71,"column":100}},"type":"cond-expr","locations":[{"start":{"line":71,"column":59},"end":{"line":71,"column":77}},{"start":{"line":71,"column":80},"end":{"line":71,"column":100}}],"line":71},"13":{"loc":{"start":{"line":72,"column":6},"end":{"line":74,"column":7}},"type":"if","locations":[{"start":{"line":72,"column":6},"end":{"line":74,"column":7}},{"start":{"line":72,"column":6},"end":{"line":74,"column":7}}],"line":72},"14":{"loc":{"start":{"line":86,"column":2},"end":{"line":90,"column":3}},"type":"if","locations":[{"start":{"line":86,"column":2},"end":{"line":90,"column":3}},{"start":{"line":86,"column":2},"end":{"line":90,"column":3}}],"line":86},"15":{"loc":{"start":{"line":95,"column":2},"end":{"line":98,"column":3}},"type":"if","locations":[{"start":{"line":95,"column":2},"end":{"line":98,"column":3}},{"start":{"line":95,"column":2},"end":{"line":98,"column":3}}],"line":95},"16":{"loc":{"start":{"line":117,"column":2},"end":{"line":122,"column":3}},"type":"if","locations":[{"start":{"line":117,"column":2},"end":{"line":122,"column":3}},{"start":{"line":117,"column":2},"end":{"line":122,"column":3}}],"line":117},"17":{"loc":{"start":{"line":117,"column":6},"end":{"line":117,"column":39}},"type":"binary-expr","locations":[{"start":{"line":117,"column":6},"end":{"line":117,"column":18}},{"start":{"line":117,"column":22},"end":{"line":117,"column":39}}],"line":117},"18":{"loc":{"start":{"line":119,"column":4},"end":{"line":121,"column":5}},"type":"if","locations":[{"start":{"line":119,"column":4},"end":{"line":121,"column":5}},{"start":{"line":119,"column":4},"end":{"line":121,"column":5}}],"line":119},"19":{"loc":{"start":{"line":123,"column":2},"end":{"line":127,"column":3}},"type":"if","locations":[{"start":{"line":123,"column":2},"end":{"line":127,"column":3}},{"start":{"line":123,"column":2},"end":{"line":127,"column":3}}],"line":123},"20":{"loc":{"start":{"line":153,"column":4},"end":{"line":155,"column":5}},"type":"if","locations":[{"start":{"line":153,"column":4},"end":{"line":155,"column":5}},{"start":{"line":153,"column":4},"end":{"line":155,"column":5}}],"line":153},"21":{"loc":{"start":{"line":158,"column":4},"end":{"line":162,"column":5}},"type":"if","locations":[{"start":{"line":158,"column":4},"end":{"line":162,"column":5}},{"start":{"line":158,"column":4},"end":{"line":162,"column":5}}],"line":158}},"s":{"0":4,"1":4,"2":4,"3":25,"4":3,"5":1,"6":22,"7":22,"8":31,"9":31,"10":33,"11":33,"12":11,"13":1,"14":10,"15":3,"16":7,"17":1,"18":6,"19":6,"20":22,"21":33,"22":33,"23":9,"24":2,"25":9,"26":9,"27":3,"28":6,"29":6,"30":6,"31":0,"32":36,"33":36,"34":36,"35":9,"36":36,"37":85,"38":46,"39":46,"40":50,"41":50,"42":43,"43":42,"44":50,"45":54,"46":64,"47":22,"48":22,"49":12,"50":10,"51":24,"52":24,"53":23,"54":23,"55":25,"56":25,"57":25,"58":25,"59":3,"60":22,"61":22,"62":22,"63":9,"64":9,"65":8,"66":22,"67":14,"68":14,"69":14,"70":22,"71":23,"72":23,"73":22,"74":22,"75":1,"76":24,"77":24,"78":24,"79":24,"80":22,"81":22,"82":22,"83":22,"84":0,"85":22,"86":2,"87":1,"88":1,"89":4},"f":{"0":25,"1":31,"2":33,"3":9,"4":36,"5":85,"6":50,"7":54,"8":64,"9":22,"10":24,"11":25,"12":22,"13":23,"14":24},"b":{"0":[3,22],"1":[1,2],"2":[11,22],"3":[1,10],"4":[3,7],"5":[1,6],"6":[2,7],"7":[3,6],"8":[6,0],"9":[9,27],"10":[36,17],"11":[46,39],"12":[4,46],"13":[43,7],"14":[12,10],"15":[23,1],"16":[9,13],"17":[22,10],"18":[8,1],"19":[14,8],"20":[0,22],"21":[1,1]},"_coverageSchema":"1a1c01bbd47fc00a2c39e90264f33305004495a9","hash":"e0ba5f60ababf81c6540c666f6a83249f9fee3ca"}
,"/Users/sanihaseeb/Desktop/CIB/Fork2/create-issue-branch/src/probot.js": {"path":"/Users/sanihaseeb/Desktop/CIB/Fork2/create-issue-branch/src/probot.js","statementMap":{"0":{"start":{"line":1,"column":15},"end":{"line":1,"column":38}},"1":{"start":{"line":2,"column":15},"end":{"line":2,"column":34}},"2":{"start":{"line":3,"column":16},"end":{"line":3,"column":36}},"3":{"start":{"line":4,"column":15},"end":{"line":4,"column":34}},"4":{"start":{"line":5,"column":14},"end":{"line":5,"column":45}},"5":{"start":{"line":7,"column":0},"end":{"line":26,"column":1}},"6":{"start":{"line":8,"column":2},"end":{"line":8,"column":27}},"7":{"start":{"line":9,"column":2},"end":{"line":9,"column":26}},"8":{"start":{"line":10,"column":2},"end":{"line":10,"column":22}},"9":{"start":{"line":11,"column":2},"end":{"line":11,"column":21}},"10":{"start":{"line":12,"column":2},"end":{"line":14,"column":4}},"11":{"start":{"line":13,"column":4},"end":{"line":13,"column":33}},"12":{"start":{"line":15,"column":2},"end":{"line":18,"column":4}},"13":{"start":{"line":16,"column":20},"end":{"line":16,"column":44}},"14":{"start":{"line":17,"column":4},"end":{"line":17,"column":43}},"15":{"start":{"line":19,"column":2},"end":{"line":21,"column":4}},"16":{"start":{"line":20,"column":4},"end":{"line":20,"column":37}},"17":{"start":{"line":22,"column":2},"end":{"line":25,"column":4}},"18":{"start":{"line":23,"column":20},"end":{"line":23,"column":42}},"19":{"start":{"line":24,"column":4},"end":{"line":24,"column":43}},"20":{"start":{"line":29,"column":17},"end":{"line":29,"column":37}},"21":{"start":{"line":30,"column":2},"end":{"line":32,"column":4}},"22":{"start":{"line":31,"column":4},"end":{"line":31,"column":19}},"23":{"start":{"line":36,"column":2},"end":{"line":41,"column":3}},"24":{"start":{"line":37,"column":4},"end":{"line":37,"column":46}},"25":{"start":{"line":38,"column":4},"end":{"line":38,"column":48}},"26":{"start":{"line":40,"column":4},"end":{"line":40,"column":39}},"27":{"start":{"line":45,"column":2},"end":{"line":45,"column":89}},"28":{"start":{"line":49,"column":2},"end":{"line":49,"column":31}},"29":{"start":{"line":50,"column":17},"end":{"line":50,"column":39}},"30":{"start":{"line":51,"column":2},"end":{"line":57,"column":3}},"31":{"start":{"line":52,"column":4},"end":{"line":56,"column":5}},"32":{"start":{"line":53,"column":25},"end":{"line":53,"column":73}},"33":{"start":{"line":54,"column":6},"end":{"line":54,"column":66}},"34":{"start":{"line":55,"column":6},"end":{"line":55,"column":25}},"35":{"start":{"line":61,"column":2},"end":{"line":79,"column":3}},"36":{"start":{"line":62,"column":4},"end":{"line":62,"column":39}},"37":{"start":{"line":63,"column":19},"end":{"line":63,"column":41}},"38":{"start":{"line":64,"column":4},"end":{"line":78,"column":5}},"39":{"start":{"line":66,"column":6},"end":{"line":75,"column":7}},"40":{"start":{"line":67,"column":32},"end":{"line":67,"column":73}},"41":{"start":{"line":68,"column":8},"end":{"line":72,"column":9}},"42":{"start":{"line":69,"column":10},"end":{"line":69,"column":79}},"43":{"start":{"line":71,"column":10},"end":{"line":71,"column":71}},"44":{"start":{"line":74,"column":8},"end":{"line":74,"column":69}},"45":{"start":{"line":76,"column":6},"end":{"line":76,"column":66}},"46":{"start":{"line":77,"column":6},"end":{"line":77,"column":25}},"47":{"start":{"line":83,"column":2},"end":{"line":97,"column":3}},"48":{"start":{"line":84,"column":19},"end":{"line":84,"column":41}},"49":{"start":{"line":85,"column":4},"end":{"line":96,"column":5}},"50":{"start":{"line":86,"column":20},"end":{"line":86,"column":45}},"51":{"start":{"line":87,"column":19},"end":{"line":87,"column":43}},"52":{"start":{"line":88,"column":25},"end":{"line":88,"column":58}},"53":{"start":{"line":89,"column":26},"end":{"line":89,"column":73}},"54":{"start":{"line":90,"column":6},"end":{"line":95,"column":7}},"55":{"start":{"line":91,"column":31},"end":{"line":91,"column":116}},"56":{"start":{"line":92,"column":8},"end":{"line":94,"column":9}},"57":{"start":{"line":93,"column":10},"end":{"line":93,"column":115}}},"fnMap":{"0":{"name":"(anonymous_0)","decl":{"start":{"line":7,"column":17},"end":{"line":7,"column":18}},"loc":{"start":{"line":7,"column":41},"end":{"line":26,"column":1}},"line":7},"1":{"name":"(anonymous_1)","decl":{"start":{"line":12,"column":28},"end":{"line":12,"column":29}},"loc":{"start":{"line":12,"column":41},"end":{"line":14,"column":3}},"line":12},"2":{"name":"(anonymous_2)","decl":{"start":{"line":15,"column":34},"end":{"line":15,"column":35}},"loc":{"start":{"line":15,"column":47},"end":{"line":18,"column":3}},"line":15},"3":{"name":"(anonymous_3)","decl":{"start":{"line":19,"column":32},"end":{"line":19,"column":33}},"loc":{"start":{"line":19,"column":45},"end":{"line":21,"column":3}},"line":19},"4":{"name":"(anonymous_4)","decl":{"start":{"line":22,"column":26},"end":{"line":22,"column":27}},"loc":{"start":{"line":22,"column":39},"end":{"line":25,"column":3}},"line":22},"5":{"name":"addStatsRoute","decl":{"start":{"line":28,"column":9},"end":{"line":28,"column":22}},"loc":{"start":{"line":28,"column":35},"end":{"line":33,"column":1}},"line":28},"6":{"name":"(anonymous_6)","decl":{"start":{"line":30,"column":23},"end":{"line":30,"column":24}},"loc":{"start":{"line":30,"column":37},"end":{"line":32,"column":3}},"line":30},"7":{"name":"configureSentry","decl":{"start":{"line":35,"column":9},"end":{"line":35,"column":24}},"loc":{"start":{"line":35,"column":31},"end":{"line":42,"column":1}},"line":35},"8":{"name":"logMemoryUsage","decl":{"start":{"line":44,"column":9},"end":{"line":44,"column":23}},"loc":{"start":{"line":44,"column":30},"end":{"line":46,"column":1}},"line":44},"9":{"name":"issueAssigned","decl":{"start":{"line":48,"column":15},"end":{"line":48,"column":28}},"loc":{"start":{"line":48,"column":40},"end":{"line":58,"column":1}},"line":48},"10":{"name":"commentCreated","decl":{"start":{"line":60,"column":15},"end":{"line":60,"column":29}},"loc":{"start":{"line":60,"column":50},"end":{"line":80,"column":1}},"line":60},"11":{"name":"pullRequestClosed","decl":{"start":{"line":82,"column":15},"end":{"line":82,"column":32}},"loc":{"start":{"line":82,"column":44},"end":{"line":98,"column":1}},"line":82}},"branchMap":{"0":{"loc":{"start":{"line":36,"column":2},"end":{"line":41,"column":3}},"type":"if","locations":[{"start":{"line":36,"column":2},"end":{"line":41,"column":3}},{"start":{"line":36,"column":2},"end":{"line":41,"column":3}}],"line":36},"1":{"loc":{"start":{"line":51,"column":2},"end":{"line":57,"column":3}},"type":"if","locations":[{"start":{"line":51,"column":2},"end":{"line":57,"column":3}},{"start":{"line":51,"column":2},"end":{"line":57,"column":3}}],"line":51},"2":{"loc":{"start":{"line":52,"column":4},"end":{"line":56,"column":5}},"type":"if","locations":[{"start":{"line":52,"column":4},"end":{"line":56,"column":5}},{"start":{"line":52,"column":4},"end":{"line":56,"column":5}}],"line":52},"3":{"loc":{"start":{"line":61,"column":2},"end":{"line":79,"column":3}},"type":"if","locations":[{"start":{"line":61,"column":2},"end":{"line":79,"column":3}},{"start":{"line":61,"column":2},"end":{"line":79,"column":3}}],"line":61},"4":{"loc":{"start":{"line":64,"column":4},"end":{"line":78,"column":5}},"type":"if","locations":[{"start":{"line":64,"column":4},"end":{"line":78,"column":5}},{"start":{"line":64,"column":4},"end":{"line":78,"column":5}}],"line":64},"5":{"loc":{"start":{"line":66,"column":6},"end":{"line":75,"column":7}},"type":"if","locations":[{"start":{"line":66,"column":6},"end":{"line":75,"column":7}},{"start":{"line":66,"column":6},"end":{"line":75,"column":7}}],"line":66},"6":{"loc":{"start":{"line":68,"column":8},"end":{"line":72,"column":9}},"type":"if","locations":[{"start":{"line":68,"column":8},"end":{"line":72,"column":9}},{"start":{"line":68,"column":8},"end":{"line":72,"column":9}}],"line":68},"7":{"loc":{"start":{"line":83,"column":2},"end":{"line":97,"column":3}},"type":"if","locations":[{"start":{"line":83,"column":2},"end":{"line":97,"column":3}},{"start":{"line":83,"column":2},"end":{"line":97,"column":3}}],"line":83},"8":{"loc":{"start":{"line":85,"column":4},"end":{"line":96,"column":5}},"type":"if","locations":[{"start":{"line":85,"column":4},"end":{"line":96,"column":5}},{"start":{"line":85,"column":4},"end":{"line":96,"column":5}}],"line":85},"9":{"loc":{"start":{"line":85,"column":8},"end":{"line":85,"column":47}},"type":"binary-expr","locations":[{"start":{"line":85,"column":8},"end":{"line":85,"column":14}},{"start":{"line":85,"column":18},"end":{"line":85,"column":47}}],"line":85},"10":{"loc":{"start":{"line":90,"column":6},"end":{"line":95,"column":7}},"type":"if","locations":[{"start":{"line":90,"column":6},"end":{"line":95,"column":7}},{"start":{"line":90,"column":6},"end":{"line":95,"column":7}}],"line":90},"11":{"loc":{"start":{"line":92,"column":8},"end":{"line":94,"column":9}},"type":"if","locations":[{"start":{"line":92,"column":8},"end":{"line":94,"column":9}},{"start":{"line":92,"column":8},"end":{"line":94,"column":9}}],"line":92}},"s":{"0":3,"1":3,"2":3,"3":3,"4":3,"5":3,"6":32,"7":32,"8":32,"9":32,"10":32,"11":22,"12":32,"13":7,"14":7,"15":32,"16":2,"17":32,"18":1,"19":1,"20":32,"21":32,"22":0,"23":32,"24":0,"25":0,"26":32,"27":57,"28":22,"29":22,"30":22,"31":20,"32":19,"33":19,"34":19,"35":8,"36":7,"37":7,"38":7,"39":6,"40":2,"41":2,"42":2,"43":0,"44":4,"45":6,"46":6,"47":2,"48":1,"49":1,"50":1,"51":1,"52":1,"53":1,"54":1,"55":1,"56":1,"57":1},"f":{"0":32,"1":22,"2":7,"3":2,"4":1,"5":32,"6":0,"7":32,"8":57,"9":22,"10":8,"11":2},"b":{"0":[0,32],"1":[20,2],"2":[19,1],"3":[7,1],"4":[6,1],"5":[2,4],"6":[2,0],"7":[1,1],"8":[1,0],"9":[1,1],"10":[1,0],"11":[1,0]},"_coverageSchema":"1a1c01bbd47fc00a2c39e90264f33305004495a9","hash":"f1b2f1093f3ba65877e2d422ce1caa7f9f4bac4f"}
,"/Users/sanihaseeb/Desktop/CIB/Fork2/create-issue-branch/src/utils.js": {"path":"/Users/sanihaseeb/Desktop/CIB/Fork2/create-issue-branch/src/utils.js","statementMap":{"0":{"start":{"line":1,"column":12},"end":{"line":1,"column":30}},"1":{"start":{"line":4,"column":17},"end":{"line":4,"column":33}},"2":{"start":{"line":5,"column":2},"end":{"line":5,"column":42}},"3":{"start":{"line":9,"column":17},"end":{"line":9,"column":33}},"4":{"start":{"line":10,"column":17},"end":{"line":10,"column":83}},"5":{"start":{"line":11,"column":2},"end":{"line":11,"column":38}},"6":{"start":{"line":15,"column":14},"end":{"line":15,"column":15}},"7":{"start":{"line":16,"column":12},"end":{"line":16,"column":22}},"8":{"start":{"line":17,"column":2},"end":{"line":17,"column":50}},"9":{"start":{"line":17,"column":43},"end":{"line":17,"column":50}},"10":{"start":{"line":18,"column":2},"end":{"line":18,"column":50}},"11":{"start":{"line":18,"column":45},"end":{"line":18,"column":50}},"12":{"start":{"line":19,"column":2},"end":{"line":19,"column":74}},"13":{"start":{"line":23,"column":36},"end":{"line":23,"column":81}},"14":{"start":{"line":23,"column":44},"end":{"line":23,"column":81}},"15":{"start":{"line":24,"column":36},"end":{"line":24,"column":81}},"16":{"start":{"line":24,"column":44},"end":{"line":24,"column":81}},"17":{"start":{"line":25,"column":2},"end":{"line":40,"column":4}},"18":{"start":{"line":27,"column":4},"end":{"line":31,"column":5}},"19":{"start":{"line":28,"column":6},"end":{"line":28,"column":64}},"20":{"start":{"line":30,"column":6},"end":{"line":30,"column":34}},"21":{"start":{"line":32,"column":25},"end":{"line":32,"column":83}},"22":{"start":{"line":32,"column":59},"end":{"line":32,"column":77}},"23":{"start":{"line":33,"column":4},"end":{"line":39,"column":5}},"24":{"start":{"line":34,"column":6},"end":{"line":34,"column":39}},"25":{"start":{"line":35,"column":11},"end":{"line":39,"column":5}},"26":{"start":{"line":36,"column":6},"end":{"line":36,"column":39}},"27":{"start":{"line":38,"column":6},"end":{"line":38,"column":25}},"28":{"start":{"line":44,"column":17},"end":{"line":44,"column":89}},"29":{"start":{"line":45,"column":2},"end":{"line":45,"column":23}},"30":{"start":{"line":49,"column":2},"end":{"line":49,"column":46}},"31":{"start":{"line":53,"column":20},"end":{"line":53,"column":119}},"32":{"start":{"line":54,"column":17},"end":{"line":59,"column":3}},"33":{"start":{"line":60,"column":21},"end":{"line":60,"column":41}},"34":{"start":{"line":61,"column":2},"end":{"line":67,"column":4}},"35":{"start":{"line":62,"column":4},"end":{"line":66,"column":5}},"36":{"start":{"line":63,"column":6},"end":{"line":63,"column":62}},"37":{"start":{"line":65,"column":6},"end":{"line":65,"column":45}},"38":{"start":{"line":70,"column":0},"end":{"line":77,"column":1}}},"fnMap":{"0":{"name":"makePrefixGitSafe","decl":{"start":{"line":3,"column":9},"end":{"line":3,"column":26}},"loc":{"start":{"line":3,"column":31},"end":{"line":6,"column":1}},"line":3},"1":{"name":"makeGitSafe","decl":{"start":{"line":8,"column":9},"end":{"line":8,"column":20}},"loc":{"start":{"line":8,"column":48},"end":{"line":12,"column":1}},"line":8},"2":{"name":"trim","decl":{"start":{"line":14,"column":9},"end":{"line":14,"column":13}},"loc":{"start":{"line":14,"column":24},"end":{"line":20,"column":1}},"line":14},"3":{"name":"interpolate","decl":{"start":{"line":22,"column":9},"end":{"line":22,"column":20}},"loc":{"start":{"line":22,"column":30},"end":{"line":41,"column":1}},"line":22},"4":{"name":"(anonymous_4)","decl":{"start":{"line":23,"column":36},"end":{"line":23,"column":37}},"loc":{"start":{"line":23,"column":44},"end":{"line":23,"column":81}},"line":23},"5":{"name":"(anonymous_5)","decl":{"start":{"line":24,"column":36},"end":{"line":24,"column":37}},"loc":{"start":{"line":24,"column":44},"end":{"line":24,"column":81}},"line":24},"6":{"name":"(anonymous_6)","decl":{"start":{"line":25,"column":36},"end":{"line":25,"column":37}},"loc":{"start":{"line":25,"column":55},"end":{"line":40,"column":3}},"line":25},"7":{"name":"(anonymous_7)","decl":{"start":{"line":32,"column":43},"end":{"line":32,"column":44}},"loc":{"start":{"line":32,"column":59},"end":{"line":32,"column":77}},"line":32},"8":{"name":"wildcardMatch","decl":{"start":{"line":43,"column":9},"end":{"line":43,"column":22}},"loc":{"start":{"line":43,"column":36},"end":{"line":46,"column":1}},"line":43},"9":{"name":"isProduction","decl":{"start":{"line":48,"column":9},"end":{"line":48,"column":21}},"loc":{"start":{"line":48,"column":25},"end":{"line":50,"column":1}},"line":48},"10":{"name":"pushMetric","decl":{"start":{"line":52,"column":9},"end":{"line":52,"column":19}},"loc":{"start":{"line":52,"column":26},"end":{"line":68,"column":1}},"line":52},"11":{"name":"(anonymous_11)","decl":{"start":{"line":61,"column":35},"end":{"line":61,"column":36}},"loc":{"start":{"line":61,"column":44},"end":{"line":67,"column":3}},"line":61}},"branchMap":{"0":{"loc":{"start":{"line":8,"column":25},"end":{"line":8,"column":46}},"type":"default-arg","locations":[{"start":{"line":8,"column":43},"end":{"line":8,"column":46}}],"line":8},"1":{"loc":{"start":{"line":17,"column":9},"end":{"line":17,"column":41}},"type":"binary-expr","locations":[{"start":{"line":17,"column":9},"end":{"line":17,"column":20}},{"start":{"line":17,"column":24},"end":{"line":17,"column":41}}],"line":17},"2":{"loc":{"start":{"line":18,"column":9},"end":{"line":18,"column":43}},"type":"binary-expr","locations":[{"start":{"line":18,"column":9},"end":{"line":18,"column":20}},{"start":{"line":18,"column":24},"end":{"line":18,"column":43}}],"line":18},"3":{"loc":{"start":{"line":19,"column":9},"end":{"line":19,"column":74}},"type":"cond-expr","locations":[{"start":{"line":19,"column":43},"end":{"line":19,"column":68}},{"start":{"line":19,"column":71},"end":{"line":19,"column":74}}],"line":19},"4":{"loc":{"start":{"line":19,"column":10},"end":{"line":19,"column":39}},"type":"binary-expr","locations":[{"start":{"line":19,"column":10},"end":{"line":19,"column":19}},{"start":{"line":19,"column":23},"end":{"line":19,"column":39}}],"line":19},"5":{"loc":{"start":{"line":23,"column":44},"end":{"line":23,"column":81}},"type":"binary-expr","locations":[{"start":{"line":23,"column":44},"end":{"line":23,"column":59}},{"start":{"line":23,"column":63},"end":{"line":23,"column":81}}],"line":23},"6":{"loc":{"start":{"line":24,"column":44},"end":{"line":24,"column":81}},"type":"binary-expr","locations":[{"start":{"line":24,"column":44},"end":{"line":24,"column":59}},{"start":{"line":24,"column":63},"end":{"line":24,"column":81}}],"line":24},"7":{"loc":{"start":{"line":27,"column":4},"end":{"line":31,"column":5}},"type":"if","locations":[{"start":{"line":27,"column":4},"end":{"line":31,"column":5}},{"start":{"line":27,"column":4},"end":{"line":31,"column":5}}],"line":27},"8":{"loc":{"start":{"line":27,"column":8},"end":{"line":27,"column":74}},"type":"binary-expr","locations":[{"start":{"line":27,"column":8},"end":{"line":27,"column":39}},{"start":{"line":27,"column":43},"end":{"line":27,"column":74}}],"line":27},"9":{"loc":{"start":{"line":32,"column":59},"end":{"line":32,"column":77}},"type":"binary-expr","locations":[{"start":{"line":32,"column":59},"end":{"line":32,"column":63}},{"start":{"line":32,"column":67},"end":{"line":32,"column":77}}],"line":32},"10":{"loc":{"start":{"line":33,"column":4},"end":{"line":39,"column":5}},"type":"if","locations":[{"start":{"line":33,"column":4},"end":{"line":39,"column":5}},{"start":{"line":33,"column":4},"end":{"line":39,"column":5}}],"line":33},"11":{"loc":{"start":{"line":35,"column":11},"end":{"line":39,"column":5}},"type":"if","locations":[{"start":{"line":35,"column":11},"end":{"line":39,"column":5}},{"start":{"line":35,"column":11},"end":{"line":39,"column":5}}],"line":35},"12":{"loc":{"start":{"line":53,"column":20},"end":{"line":53,"column":119}},"type":"cond-expr","locations":[{"start":{"line":53,"column":55},"end":{"line":53,"column":87}},{"start":{"line":53,"column":90},"end":{"line":53,"column":119}}],"line":53},"13":{"loc":{"start":{"line":62,"column":4},"end":{"line":66,"column":5}},"type":"if","locations":[{"start":{"line":62,"column":4},"end":{"line":66,"column":5}},{"start":{"line":62,"column":4},"end":{"line":66,"column":5}}],"line":62}},"s":{"0":5,"1":36,"2":36,"3":39,"4":39,"5":39,"6":114,"7":114,"8":114,"9":2,"10":114,"11":22,"12":114,"13":49,"14":42,"15":49,"16":38,"17":49,"18":21,"19":3,"20":18,"21":21,"22":41,"23":21,"24":2,"25":19,"26":1,"27":18,"28":72,"29":72,"30":22,"31":0,"32":0,"33":0,"34":0,"35":0,"36":0,"37":0,"38":5},"f":{"0":36,"1":39,"2":114,"3":49,"4":42,"5":38,"6":21,"7":41,"8":72,"9":22,"10":0,"11":0},"b":{"0":[3],"1":[116,90],"2":[136,110],"3":[22,92],"4":[114,113],"5":[42,42],"6":[38,38],"7":[3,18],"8":[21,19],"9":[41,40],"10":[2,19],"11":[1,18],"12":[0,0],"13":[0,0]},"_coverageSchema":"1a1c01bbd47fc00a2c39e90264f33305004495a9","hash":"5c2e57e34ed85aef80ff666ce03bcc329692aa02"}
,"/Users/sanihaseeb/Desktop/CIB/Fork2/create-issue-branch/tests/test-helpers.js": {"path":"/Users/sanihaseeb/Desktop/CIB/Fork2/create-issue-branch/tests/test-helpers.js","statementMap":{"0":{"start":{"line":1,"column":13},"end":{"line":1,"column":28}},"1":{"start":{"line":2,"column":29},"end":{"line":2,"column":76}},"2":{"start":{"line":5,"column":20},"end":{"line":5,"column":68}},"3":{"start":{"line":6,"column":2},"end":{"line":6,"column":63}},"4":{"start":{"line":6,"column":22},"end":{"line":6,"column":62}},"5":{"start":{"line":7,"column":2},"end":{"line":7,"column":18}},"6":{"start":{"line":11,"column":2},"end":{"line":13,"column":34}},"7":{"start":{"line":17,"column":2},"end":{"line":26,"column":15}},"8":{"start":{"line":30,"column":2},"end":{"line":33,"column":27}},"9":{"start":{"line":37,"column":2},"end":{"line":39,"column":41}},"10":{"start":{"line":43,"column":2},"end":{"line":45,"column":15}},"11":{"start":{"line":49,"column":2},"end":{"line":51,"column":15}},"12":{"start":{"line":54,"column":0},"end":{"line":62,"column":1}}},"fnMap":{"0":{"name":"issueAssignedWithLabelsPayload","decl":{"start":{"line":4,"column":9},"end":{"line":4,"column":39}},"loc":{"start":{"line":4,"column":52},"end":{"line":8,"column":1}},"line":4},"1":{"name":"(anonymous_1)","decl":{"start":{"line":6,"column":17},"end":{"line":6,"column":18}},"loc":{"start":{"line":6,"column":22},"end":{"line":6,"column":62}},"line":6},"2":{"name":"nockAccessToken","decl":{"start":{"line":10,"column":9},"end":{"line":10,"column":24}},"loc":{"start":{"line":10,"column":28},"end":{"line":14,"column":1}},"line":10},"3":{"name":"nockEmptyConfig","decl":{"start":{"line":16,"column":9},"end":{"line":16,"column":24}},"loc":{"start":{"line":16,"column":28},"end":{"line":27,"column":1}},"line":16},"4":{"name":"nockConfig","decl":{"start":{"line":29,"column":9},"end":{"line":29,"column":19}},"loc":{"start":{"line":29,"column":33},"end":{"line":34,"column":1}},"line":29},"5":{"name":"nockExistingBranch","decl":{"start":{"line":36,"column":9},"end":{"line":36,"column":27}},"loc":{"start":{"line":36,"column":40},"end":{"line":40,"column":1}},"line":36},"6":{"name":"nockNonExistingBranch","decl":{"start":{"line":42,"column":9},"end":{"line":42,"column":30}},"loc":{"start":{"line":42,"column":38},"end":{"line":46,"column":1}},"line":42},"7":{"name":"nockBranchCreatedComment","decl":{"start":{"line":48,"column":9},"end":{"line":48,"column":33}},"loc":{"start":{"line":48,"column":37},"end":{"line":52,"column":1}},"line":48}},"branchMap":{},"s":{"0":3,"1":3,"2":12,"3":12,"4":18,"5":12,"6":32,"7":4,"8":28,"9":39,"10":24,"11":17,"12":3},"f":{"0":12,"1":18,"2":32,"3":4,"4":28,"5":39,"6":24,"7":17},"b":{},"_coverageSchema":"1a1c01bbd47fc00a2c39e90264f33305004495a9","hash":"56eca02d8b62e4ac4928bf985e1988f7caf67038"}
}
