{"/Users/pgff/Coding/bitsbybrad/create-issue-branch/probot.js": {"path":"/Users/pgff/Coding/bitsbybrad/create-issue-branch/probot.js","statementMap":{"0":{"start":{"line":1,"column":14},"end":{"line":1,"column":30}},"1":{"start":{"line":2,"column":15},"end":{"line":2,"column":34}},"2":{"start":{"line":3,"column":12},"end":{"line":3,"column":30}},"3":{"start":{"line":5,"column":0},"end":{"line":31,"column":1}},"4":{"start":{"line":6,"column":2},"end":{"line":6,"column":27}},"5":{"start":{"line":8,"column":2},"end":{"line":13,"column":3}},"6":{"start":{"line":9,"column":4},"end":{"line":9,"column":46}},"7":{"start":{"line":10,"column":4},"end":{"line":10,"column":50}},"8":{"start":{"line":12,"column":4},"end":{"line":12,"column":39}},"9":{"start":{"line":15,"column":2},"end":{"line":21,"column":4}},"10":{"start":{"line":16,"column":4},"end":{"line":16,"column":33}},"11":{"start":{"line":17,"column":19},"end":{"line":17,"column":41}},"12":{"start":{"line":18,"column":4},"end":{"line":20,"column":5}},"13":{"start":{"line":19,"column":6},"end":{"line":19,"column":47}},"14":{"start":{"line":22,"column":2},"end":{"line":30,"column":4}},"15":{"start":{"line":23,"column":4},"end":{"line":29,"column":5}},"16":{"start":{"line":24,"column":6},"end":{"line":24,"column":41}},"17":{"start":{"line":25,"column":21},"end":{"line":25,"column":43}},"18":{"start":{"line":26,"column":6},"end":{"line":28,"column":7}},"19":{"start":{"line":27,"column":8},"end":{"line":27,"column":49}},"20":{"start":{"line":34,"column":16},"end":{"line":34,"column":33}},"21":{"start":{"line":35,"column":15},"end":{"line":35,"column":31}},"22":{"start":{"line":36,"column":21},"end":{"line":36,"column":62}},"23":{"start":{"line":37,"column":2},"end":{"line":44,"column":3}},"24":{"start":{"line":38,"column":4},"end":{"line":38,"column":58}},"25":{"start":{"line":40,"column":16},"end":{"line":40,"column":66}},"26":{"start":{"line":41,"column":4},"end":{"line":41,"column":66}},"27":{"start":{"line":42,"column":4},"end":{"line":42,"column":44}},"28":{"start":{"line":43,"column":4},"end":{"line":43,"column":107}},"29":{"start":{"line":48,"column":2},"end":{"line":48,"column":46}},"30":{"start":{"line":52,"column":2},"end":{"line":52,"column":74}},"31":{"start":{"line":56,"column":2},"end":{"line":56,"column":43}},"32":{"start":{"line":60,"column":2},"end":{"line":60,"column":36}},"33":{"start":{"line":64,"column":2},"end":{"line":64,"column":40}},"34":{"start":{"line":68,"column":2},"end":{"line":68,"column":33}},"35":{"start":{"line":72,"column":2},"end":{"line":72,"column":32}},"36":{"start":{"line":76,"column":2},"end":{"line":76,"column":46}},"37":{"start":{"line":80,"column":2},"end":{"line":83,"column":3}},"38":{"start":{"line":81,"column":19},"end":{"line":81,"column":47}},"39":{"start":{"line":82,"column":4},"end":{"line":82,"column":49}},"40":{"start":{"line":87,"column":17},"end":{"line":87,"column":58}},"41":{"start":{"line":87,"column":51},"end":{"line":87,"column":57}},"42":{"start":{"line":88,"column":2},"end":{"line":92,"column":3}},"43":{"start":{"line":89,"column":4},"end":{"line":89,"column":15}},"44":{"start":{"line":91,"column":4},"end":{"line":91,"column":17}},"45":{"start":{"line":96,"column":2},"end":{"line":103,"column":3}},"46":{"start":{"line":97,"column":4},"end":{"line":99,"column":6}},"47":{"start":{"line":100,"column":4},"end":{"line":100,"column":15}},"48":{"start":{"line":102,"column":4},"end":{"line":102,"column":16}},"49":{"start":{"line":107,"column":23},"end":{"line":107,"column":56}},"50":{"start":{"line":109,"column":2},"end":{"line":114,"column":3}},"51":{"start":{"line":110,"column":4},"end":{"line":110,"column":59}},"52":{"start":{"line":111,"column":4},"end":{"line":113,"column":5}},"53":{"start":{"line":112,"column":6},"end":{"line":112,"column":48}},"54":{"start":{"line":115,"column":2},"end":{"line":119,"column":3}},"55":{"start":{"line":116,"column":26},"end":{"line":116,"column":47}},"56":{"start":{"line":117,"column":4},"end":{"line":117,"column":42}},"57":{"start":{"line":118,"column":4},"end":{"line":118,"column":55}},"58":{"start":{"line":120,"column":2},"end":{"line":120,"column":15}},"59":{"start":{"line":124,"column":2},"end":{"line":132,"column":3}},"60":{"start":{"line":125,"column":16},"end":{"line":127,"column":6}},"61":{"start":{"line":128,"column":16},"end":{"line":128,"column":31}},"62":{"start":{"line":129,"column":4},"end":{"line":129,"column":18}},"63":{"start":{"line":131,"column":4},"end":{"line":131,"column":20}},"64":{"start":{"line":136,"column":2},"end":{"line":150,"column":3}},"65":{"start":{"line":137,"column":16},"end":{"line":139,"column":6}},"66":{"start":{"line":140,"column":4},"end":{"line":142,"column":5}},"67":{"start":{"line":141,"column":6},"end":{"line":141,"column":21}},"68":{"start":{"line":143,"column":4},"end":{"line":143,"column":14}},"69":{"start":{"line":145,"column":4},"end":{"line":149,"column":5}},"70":{"start":{"line":146,"column":6},"end":{"line":146,"column":62}},"71":{"start":{"line":148,"column":6},"end":{"line":148,"column":57}},"72":{"start":{"line":154,"column":20},"end":{"line":154,"column":119}},"73":{"start":{"line":155,"column":17},"end":{"line":160,"column":3}},"74":{"start":{"line":161,"column":21},"end":{"line":161,"column":41}},"75":{"start":{"line":162,"column":2},"end":{"line":168,"column":4}},"76":{"start":{"line":163,"column":4},"end":{"line":167,"column":5}},"77":{"start":{"line":164,"column":6},"end":{"line":164,"column":62}},"78":{"start":{"line":166,"column":6},"end":{"line":166,"column":45}},"79":{"start":{"line":172,"column":2},"end":{"line":172,"column":31}},"80":{"start":{"line":176,"column":2},"end":{"line":176,"column":51}},"81":{"start":{"line":180,"column":2},"end":{"line":184,"column":3}},"82":{"start":{"line":181,"column":4},"end":{"line":181,"column":33}},"83":{"start":{"line":182,"column":9},"end":{"line":184,"column":3}},"84":{"start":{"line":183,"column":4},"end":{"line":183,"column":16}},"85":{"start":{"line":185,"column":2},"end":{"line":185,"column":13}},"86":{"start":{"line":189,"column":17},"end":{"line":189,"column":36}},"87":{"start":{"line":190,"column":16},"end":{"line":190,"column":34}},"88":{"start":{"line":193,"column":2},"end":{"line":203,"column":3}},"89":{"start":{"line":194,"column":17},"end":{"line":194,"column":55}},"90":{"start":{"line":195,"column":4},"end":{"line":196,"column":33}},"91":{"start":{"line":197,"column":9},"end":{"line":203,"column":3}},"92":{"start":{"line":198,"column":4},"end":{"line":198,"column":25}},"93":{"start":{"line":199,"column":9},"end":{"line":203,"column":3}},"94":{"start":{"line":200,"column":4},"end":{"line":200,"column":30}},"95":{"start":{"line":202,"column":4},"end":{"line":202,"column":39}},"96":{"start":{"line":204,"column":2},"end":{"line":204,"column":64}},"97":{"start":{"line":208,"column":15},"end":{"line":208,"column":17}},"98":{"start":{"line":209,"column":23},"end":{"line":209,"column":56}},"99":{"start":{"line":210,"column":2},"end":{"line":212,"column":3}},"100":{"start":{"line":211,"column":4},"end":{"line":211,"column":32}},"101":{"start":{"line":213,"column":2},"end":{"line":213,"column":41}},"102":{"start":{"line":217,"column":2},"end":{"line":224,"column":3}},"103":{"start":{"line":218,"column":24},"end":{"line":218,"column":43}},"104":{"start":{"line":219,"column":4},"end":{"line":223,"column":5}},"105":{"start":{"line":220,"column":6},"end":{"line":222,"column":7}},"106":{"start":{"line":220,"column":32},"end":{"line":220,"column":75}},"107":{"start":{"line":221,"column":8},"end":{"line":221,"column":34}},"108":{"start":{"line":225,"column":2},"end":{"line":225,"column":18}},"109":{"start":{"line":229,"column":15},"end":{"line":229,"column":47}},"110":{"start":{"line":230,"column":2},"end":{"line":232,"column":3}},"111":{"start":{"line":231,"column":4},"end":{"line":231,"column":32}},"112":{"start":{"line":233,"column":2},"end":{"line":233,"column":26}},"113":{"start":{"line":237,"column":14},"end":{"line":237,"column":15}},"114":{"start":{"line":238,"column":12},"end":{"line":238,"column":22}},"115":{"start":{"line":239,"column":2},"end":{"line":239,"column":50}},"116":{"start":{"line":239,"column":43},"end":{"line":239,"column":50}},"117":{"start":{"line":240,"column":2},"end":{"line":240,"column":50}},"118":{"start":{"line":240,"column":45},"end":{"line":240,"column":50}},"119":{"start":{"line":241,"column":2},"end":{"line":241,"column":74}},"120":{"start":{"line":245,"column":2},"end":{"line":248,"column":4}},"121":{"start":{"line":246,"column":23},"end":{"line":246,"column":38}},"122":{"start":{"line":247,"column":4},"end":{"line":247,"column":69}},"123":{"start":{"line":247,"column":45},"end":{"line":247,"column":63}},"124":{"start":{"line":252,"column":17},"end":{"line":252,"column":89}},"125":{"start":{"line":253,"column":2},"end":{"line":253,"column":23}},"126":{"start":{"line":257,"column":0},"end":{"line":257,"column":50}},"127":{"start":{"line":258,"column":0},"end":{"line":258,"column":62}},"128":{"start":{"line":259,"column":0},"end":{"line":259,"column":58}},"129":{"start":{"line":260,"column":0},"end":{"line":260,"column":58}},"130":{"start":{"line":261,"column":0},"end":{"line":261,"column":42}},"131":{"start":{"line":262,"column":0},"end":{"line":262,"column":40}},"132":{"start":{"line":263,"column":0},"end":{"line":263,"column":40}},"133":{"start":{"line":264,"column":0},"end":{"line":264,"column":44}}},"fnMap":{"0":{"name":"(anonymous_0)","decl":{"start":{"line":5,"column":17},"end":{"line":5,"column":18}},"loc":{"start":{"line":5,"column":24},"end":{"line":31,"column":1}},"line":5},"1":{"name":"(anonymous_1)","decl":{"start":{"line":15,"column":28},"end":{"line":15,"column":29}},"loc":{"start":{"line":15,"column":41},"end":{"line":21,"column":3}},"line":15},"2":{"name":"(anonymous_2)","decl":{"start":{"line":22,"column":34},"end":{"line":22,"column":35}},"loc":{"start":{"line":22,"column":47},"end":{"line":30,"column":3}},"line":22},"3":{"name":"createIssueBranch","decl":{"start":{"line":33,"column":15},"end":{"line":33,"column":32}},"loc":{"start":{"line":33,"column":52},"end":{"line":45,"column":1}},"line":33},"4":{"name":"isProduction","decl":{"start":{"line":47,"column":9},"end":{"line":47,"column":21}},"loc":{"start":{"line":47,"column":25},"end":{"line":49,"column":1}},"line":47},"5":{"name":"isChatOpsCommand","decl":{"start":{"line":51,"column":9},"end":{"line":51,"column":25}},"loc":{"start":{"line":51,"column":30},"end":{"line":53,"column":1}},"line":51},"6":{"name":"getRepoOwner","decl":{"start":{"line":55,"column":9},"end":{"line":55,"column":21}},"loc":{"start":{"line":55,"column":28},"end":{"line":57,"column":1}},"line":55},"7":{"name":"getRepoName","decl":{"start":{"line":59,"column":9},"end":{"line":59,"column":20}},"loc":{"start":{"line":59,"column":27},"end":{"line":61,"column":1}},"line":59},"8":{"name":"getRepoUrl","decl":{"start":{"line":63,"column":9},"end":{"line":63,"column":19}},"loc":{"start":{"line":63,"column":26},"end":{"line":65,"column":1}},"line":63},"9":{"name":"getIssueNumber","decl":{"start":{"line":67,"column":9},"end":{"line":67,"column":23}},"loc":{"start":{"line":67,"column":30},"end":{"line":69,"column":1}},"line":67},"10":{"name":"getIssueTitle","decl":{"start":{"line":71,"column":9},"end":{"line":71,"column":22}},"loc":{"start":{"line":71,"column":29},"end":{"line":73,"column":1}},"line":71},"11":{"name":"getDefaultBranch","decl":{"start":{"line":75,"column":9},"end":{"line":75,"column":25}},"loc":{"start":{"line":75,"column":32},"end":{"line":77,"column":1}},"line":75},"12":{"name":"addComment","decl":{"start":{"line":79,"column":15},"end":{"line":79,"column":25}},"loc":{"start":{"line":79,"column":49},"end":{"line":84,"column":1}},"line":79},"13":{"name":"getIssueLabels","decl":{"start":{"line":86,"column":9},"end":{"line":86,"column":23}},"loc":{"start":{"line":86,"column":30},"end":{"line":93,"column":1}},"line":86},"14":{"name":"(anonymous_14)","decl":{"start":{"line":87,"column":46},"end":{"line":87,"column":47}},"loc":{"start":{"line":87,"column":51},"end":{"line":87,"column":57}},"line":87},"15":{"name":"branchExists","decl":{"start":{"line":95,"column":15},"end":{"line":95,"column":27}},"loc":{"start":{"line":95,"column":59},"end":{"line":104,"column":1}},"line":95},"16":{"name":"getSourceBranchHeadSha","decl":{"start":{"line":106,"column":15},"end":{"line":106,"column":37}},"loc":{"start":{"line":106,"column":57},"end":{"line":121,"column":1}},"line":106},"17":{"name":"getBranchHeadSha","decl":{"start":{"line":123,"column":15},"end":{"line":123,"column":31}},"loc":{"start":{"line":123,"column":46},"end":{"line":133,"column":1}},"line":123},"18":{"name":"createBranch","decl":{"start":{"line":135,"column":15},"end":{"line":135,"column":27}},"loc":{"start":{"line":135,"column":69},"end":{"line":151,"column":1}},"line":135},"19":{"name":"pushMetric","decl":{"start":{"line":153,"column":9},"end":{"line":153,"column":19}},"loc":{"start":{"line":153,"column":26},"end":{"line":169,"column":1}},"line":153},"20":{"name":"(anonymous_20)","decl":{"start":{"line":162,"column":35},"end":{"line":162,"column":36}},"loc":{"start":{"line":162,"column":44},"end":{"line":168,"column":3}},"line":162},"21":{"name":"isModeAuto","decl":{"start":{"line":171,"column":9},"end":{"line":171,"column":19}},"loc":{"start":{"line":171,"column":29},"end":{"line":173,"column":1}},"line":171},"22":{"name":"isModeChatOps","decl":{"start":{"line":175,"column":9},"end":{"line":175,"column":22}},"loc":{"start":{"line":175,"column":32},"end":{"line":177,"column":1}},"line":175},"23":{"name":"isSilent","decl":{"start":{"line":179,"column":9},"end":{"line":179,"column":17}},"loc":{"start":{"line":179,"column":27},"end":{"line":186,"column":1}},"line":179},"24":{"name":"getBranchNameFromIssue","decl":{"start":{"line":188,"column":15},"end":{"line":188,"column":37}},"loc":{"start":{"line":188,"column":52},"end":{"line":205,"column":1}},"line":188},"25":{"name":"getIssueBranchPrefix","decl":{"start":{"line":207,"column":9},"end":{"line":207,"column":29}},"loc":{"start":{"line":207,"column":44},"end":{"line":214,"column":1}},"line":207},"26":{"name":"getIssueBranchConfig","decl":{"start":{"line":216,"column":9},"end":{"line":216,"column":29}},"loc":{"start":{"line":216,"column":44},"end":{"line":226,"column":1}},"line":216},"27":{"name":"(anonymous_27)","decl":{"start":{"line":220,"column":27},"end":{"line":220,"column":28}},"loc":{"start":{"line":220,"column":32},"end":{"line":220,"column":75}},"line":220},"28":{"name":"makeGitSafe","decl":{"start":{"line":228,"column":9},"end":{"line":228,"column":20}},"loc":{"start":{"line":228,"column":25},"end":{"line":234,"column":1}},"line":228},"29":{"name":"trim","decl":{"start":{"line":236,"column":9},"end":{"line":236,"column":13}},"loc":{"start":{"line":236,"column":24},"end":{"line":242,"column":1}},"line":236},"30":{"name":"interpolate","decl":{"start":{"line":244,"column":9},"end":{"line":244,"column":20}},"loc":{"start":{"line":244,"column":30},"end":{"line":249,"column":1}},"line":244},"31":{"name":"(anonymous_31)","decl":{"start":{"line":245,"column":36},"end":{"line":245,"column":37}},"loc":{"start":{"line":245,"column":55},"end":{"line":248,"column":3}},"line":245},"32":{"name":"(anonymous_32)","decl":{"start":{"line":247,"column":29},"end":{"line":247,"column":30}},"loc":{"start":{"line":247,"column":45},"end":{"line":247,"column":63}},"line":247},"33":{"name":"wildcardMatch","decl":{"start":{"line":251,"column":9},"end":{"line":251,"column":22}},"loc":{"start":{"line":251,"column":36},"end":{"line":254,"column":1}},"line":251}},"branchMap":{"0":{"loc":{"start":{"line":8,"column":2},"end":{"line":13,"column":3}},"type":"if","locations":[{"start":{"line":8,"column":2},"end":{"line":13,"column":3}},{"start":{"line":8,"column":2},"end":{"line":13,"column":3}}],"line":8},"1":{"loc":{"start":{"line":18,"column":4},"end":{"line":20,"column":5}},"type":"if","locations":[{"start":{"line":18,"column":4},"end":{"line":20,"column":5}},{"start":{"line":18,"column":4},"end":{"line":20,"column":5}}],"line":18},"2":{"loc":{"start":{"line":18,"column":8},"end":{"line":18,"column":36}},"type":"binary-expr","locations":[{"start":{"line":18,"column":8},"end":{"line":18,"column":14}},{"start":{"line":18,"column":18},"end":{"line":18,"column":36}}],"line":18},"3":{"loc":{"start":{"line":23,"column":4},"end":{"line":29,"column":5}},"type":"if","locations":[{"start":{"line":23,"column":4},"end":{"line":29,"column":5}},{"start":{"line":23,"column":4},"end":{"line":29,"column":5}}],"line":23},"4":{"loc":{"start":{"line":26,"column":6},"end":{"line":28,"column":7}},"type":"if","locations":[{"start":{"line":26,"column":6},"end":{"line":28,"column":7}},{"start":{"line":26,"column":6},"end":{"line":28,"column":7}}],"line":26},"5":{"loc":{"start":{"line":26,"column":10},"end":{"line":26,"column":41}},"type":"binary-expr","locations":[{"start":{"line":26,"column":10},"end":{"line":26,"column":16}},{"start":{"line":26,"column":20},"end":{"line":26,"column":41}}],"line":26},"6":{"loc":{"start":{"line":37,"column":2},"end":{"line":44,"column":3}},"type":"if","locations":[{"start":{"line":37,"column":2},"end":{"line":44,"column":3}},{"start":{"line":37,"column":2},"end":{"line":44,"column":3}}],"line":37},"7":{"loc":{"start":{"line":80,"column":2},"end":{"line":83,"column":3}},"type":"if","locations":[{"start":{"line":80,"column":2},"end":{"line":83,"column":3}},{"start":{"line":80,"column":2},"end":{"line":83,"column":3}}],"line":80},"8":{"loc":{"start":{"line":88,"column":2},"end":{"line":92,"column":3}},"type":"if","locations":[{"start":{"line":88,"column":2},"end":{"line":92,"column":3}},{"start":{"line":88,"column":2},"end":{"line":92,"column":3}}],"line":88},"9":{"loc":{"start":{"line":109,"column":2},"end":{"line":114,"column":3}},"type":"if","locations":[{"start":{"line":109,"column":2},"end":{"line":114,"column":3}},{"start":{"line":109,"column":2},"end":{"line":114,"column":3}}],"line":109},"10":{"loc":{"start":{"line":109,"column":6},"end":{"line":109,"column":39}},"type":"binary-expr","locations":[{"start":{"line":109,"column":6},"end":{"line":109,"column":18}},{"start":{"line":109,"column":22},"end":{"line":109,"column":39}}],"line":109},"11":{"loc":{"start":{"line":111,"column":4},"end":{"line":113,"column":5}},"type":"if","locations":[{"start":{"line":111,"column":4},"end":{"line":113,"column":5}},{"start":{"line":111,"column":4},"end":{"line":113,"column":5}}],"line":111},"12":{"loc":{"start":{"line":115,"column":2},"end":{"line":119,"column":3}},"type":"if","locations":[{"start":{"line":115,"column":2},"end":{"line":119,"column":3}},{"start":{"line":115,"column":2},"end":{"line":119,"column":3}}],"line":115},"13":{"loc":{"start":{"line":140,"column":4},"end":{"line":142,"column":5}},"type":"if","locations":[{"start":{"line":140,"column":4},"end":{"line":142,"column":5}},{"start":{"line":140,"column":4},"end":{"line":142,"column":5}}],"line":140},"14":{"loc":{"start":{"line":145,"column":4},"end":{"line":149,"column":5}},"type":"if","locations":[{"start":{"line":145,"column":4},"end":{"line":149,"column":5}},{"start":{"line":145,"column":4},"end":{"line":149,"column":5}}],"line":145},"15":{"loc":{"start":{"line":154,"column":20},"end":{"line":154,"column":119}},"type":"cond-expr","locations":[{"start":{"line":154,"column":55},"end":{"line":154,"column":87}},{"start":{"line":154,"column":90},"end":{"line":154,"column":119}}],"line":154},"16":{"loc":{"start":{"line":163,"column":4},"end":{"line":167,"column":5}},"type":"if","locations":[{"start":{"line":163,"column":4},"end":{"line":167,"column":5}},{"start":{"line":163,"column":4},"end":{"line":167,"column":5}}],"line":163},"17":{"loc":{"start":{"line":176,"column":10},"end":{"line":176,"column":50}},"type":"binary-expr","locations":[{"start":{"line":176,"column":10},"end":{"line":176,"column":21}},{"start":{"line":176,"column":25},"end":{"line":176,"column":50}}],"line":176},"18":{"loc":{"start":{"line":180,"column":2},"end":{"line":184,"column":3}},"type":"if","locations":[{"start":{"line":180,"column":2},"end":{"line":184,"column":3}},{"start":{"line":180,"column":2},"end":{"line":184,"column":3}}],"line":180},"19":{"loc":{"start":{"line":182,"column":9},"end":{"line":184,"column":3}},"type":"if","locations":[{"start":{"line":182,"column":9},"end":{"line":184,"column":3}},{"start":{"line":182,"column":9},"end":{"line":184,"column":3}}],"line":182},"20":{"loc":{"start":{"line":193,"column":2},"end":{"line":203,"column":3}},"type":"if","locations":[{"start":{"line":193,"column":2},"end":{"line":203,"column":3}},{"start":{"line":193,"column":2},"end":{"line":203,"column":3}}],"line":193},"21":{"loc":{"start":{"line":195,"column":13},"end":{"line":196,"column":33}},"type":"cond-expr","locations":[{"start":{"line":196,"column":8},"end":{"line":196,"column":12}},{"start":{"line":196,"column":15},"end":{"line":196,"column":33}}],"line":195},"22":{"loc":{"start":{"line":195,"column":14},"end":{"line":195,"column":64}},"type":"binary-expr","locations":[{"start":{"line":195,"column":14},"end":{"line":195,"column":31}},{"start":{"line":195,"column":35},"end":{"line":195,"column":64}}],"line":195},"23":{"loc":{"start":{"line":197,"column":9},"end":{"line":203,"column":3}},"type":"if","locations":[{"start":{"line":197,"column":9},"end":{"line":203,"column":3}},{"start":{"line":197,"column":9},"end":{"line":203,"column":3}}],"line":197},"24":{"loc":{"start":{"line":197,"column":13},"end":{"line":197,"column":62}},"type":"binary-expr","locations":[{"start":{"line":197,"column":13},"end":{"line":197,"column":30}},{"start":{"line":197,"column":34},"end":{"line":197,"column":62}}],"line":197},"25":{"loc":{"start":{"line":199,"column":9},"end":{"line":203,"column":3}},"type":"if","locations":[{"start":{"line":199,"column":9},"end":{"line":203,"column":3}},{"start":{"line":199,"column":9},"end":{"line":203,"column":3}}],"line":199},"26":{"loc":{"start":{"line":199,"column":13},"end":{"line":199,"column":63}},"type":"binary-expr","locations":[{"start":{"line":199,"column":13},"end":{"line":199,"column":30}},{"start":{"line":199,"column":34},"end":{"line":199,"column":63}}],"line":199},"27":{"loc":{"start":{"line":210,"column":2},"end":{"line":212,"column":3}},"type":"if","locations":[{"start":{"line":210,"column":2},"end":{"line":212,"column":3}},{"start":{"line":210,"column":2},"end":{"line":212,"column":3}}],"line":210},"28":{"loc":{"start":{"line":210,"column":6},"end":{"line":210,"column":41}},"type":"binary-expr","locations":[{"start":{"line":210,"column":6},"end":{"line":210,"column":18}},{"start":{"line":210,"column":22},"end":{"line":210,"column":41}}],"line":210},"29":{"loc":{"start":{"line":217,"column":2},"end":{"line":224,"column":3}},"type":"if","locations":[{"start":{"line":217,"column":2},"end":{"line":224,"column":3}},{"start":{"line":217,"column":2},"end":{"line":224,"column":3}}],"line":217},"30":{"loc":{"start":{"line":220,"column":6},"end":{"line":222,"column":7}},"type":"if","locations":[{"start":{"line":220,"column":6},"end":{"line":222,"column":7}},{"start":{"line":220,"column":6},"end":{"line":222,"column":7}}],"line":220},"31":{"loc":{"start":{"line":230,"column":2},"end":{"line":232,"column":3}},"type":"if","locations":[{"start":{"line":230,"column":2},"end":{"line":232,"column":3}},{"start":{"line":230,"column":2},"end":{"line":232,"column":3}}],"line":230},"32":{"loc":{"start":{"line":239,"column":9},"end":{"line":239,"column":41}},"type":"binary-expr","locations":[{"start":{"line":239,"column":9},"end":{"line":239,"column":20}},{"start":{"line":239,"column":24},"end":{"line":239,"column":41}}],"line":239},"33":{"loc":{"start":{"line":240,"column":9},"end":{"line":240,"column":43}},"type":"binary-expr","locations":[{"start":{"line":240,"column":9},"end":{"line":240,"column":20}},{"start":{"line":240,"column":24},"end":{"line":240,"column":43}}],"line":240},"34":{"loc":{"start":{"line":241,"column":9},"end":{"line":241,"column":74}},"type":"cond-expr","locations":[{"start":{"line":241,"column":43},"end":{"line":241,"column":68}},{"start":{"line":241,"column":71},"end":{"line":241,"column":74}}],"line":241},"35":{"loc":{"start":{"line":241,"column":10},"end":{"line":241,"column":39}},"type":"binary-expr","locations":[{"start":{"line":241,"column":10},"end":{"line":241,"column":19}},{"start":{"line":241,"column":23},"end":{"line":241,"column":39}}],"line":241},"36":{"loc":{"start":{"line":247,"column":45},"end":{"line":247,"column":63}},"type":"binary-expr","locations":[{"start":{"line":247,"column":45},"end":{"line":247,"column":49}},{"start":{"line":247,"column":53},"end":{"line":247,"column":63}}],"line":247}},"s":{"0":1,"1":1,"2":1,"3":1,"4":34,"5":34,"6":0,"7":0,"8":34,"9":34,"10":14,"11":14,"12":14,"13":13,"14":34,"15":3,"16":3,"17":3,"18":3,"19":2,"20":15,"21":15,"22":15,"23":15,"24":1,"25":14,"26":14,"27":14,"28":14,"29":14,"30":13,"31":30,"32":30,"33":14,"34":23,"35":23,"36":8,"37":15,"38":1,"39":1,"40":25,"41":27,"42":25,"43":2,"44":23,"45":15,"46":15,"47":1,"48":14,"49":14,"50":14,"51":7,"52":7,"53":6,"54":14,"55":8,"56":8,"57":8,"58":14,"59":15,"60":15,"61":14,"62":14,"63":1,"64":16,"65":16,"66":14,"67":0,"68":14,"69":2,"70":1,"71":1,"72":0,"73":0,"74":0,"75":0,"76":0,"77":0,"78":0,"79":13,"80":30,"81":15,"82":1,"83":14,"84":1,"85":13,"86":23,"87":23,"88":23,"89":2,"90":2,"91":21,"92":1,"93":20,"94":3,"95":17,"96":23,"97":26,"98":26,"99":26,"100":8,"101":26,"102":43,"103":25,"104":25,"105":28,"106":32,"107":23,"108":20,"109":26,"110":26,"111":14,"112":26,"113":26,"114":26,"115":26,"116":1,"117":26,"118":0,"119":26,"120":30,"121":6,"122":6,"123":13,"124":40,"125":40,"126":1,"127":1,"128":1,"129":1,"130":1,"131":1,"132":1,"133":1},"f":{"0":34,"1":14,"2":3,"3":15,"4":14,"5":13,"6":30,"7":30,"8":14,"9":23,"10":23,"11":8,"12":15,"13":25,"14":27,"15":15,"16":14,"17":15,"18":16,"19":0,"20":0,"21":13,"22":30,"23":15,"24":23,"25":26,"26":43,"27":32,"28":26,"29":26,"30":30,"31":6,"32":13,"33":40},"b":{"0":[0,34],"1":[13,1],"2":[14,13],"3":[3,0],"4":[2,1],"5":[3,3],"6":[1,14],"7":[1,14],"8":[2,23],"9":[7,7],"10":[14,7],"11":[6,1],"12":[8,6],"13":[0,14],"14":[1,1],"15":[0,0],"16":[0,0],"17":[30,4],"18":[1,14],"19":[1,13],"20":[2,21],"21":[1,1],"22":[2,1],"23":[1,20],"24":[21,5],"25":[3,17],"26":[20,4],"27":[8,18],"28":[26,14],"29":[25,18],"30":[23,5],"31":[14,12],"32":[27,27],"33":[26,26],"34":[1,25],"35":[26,25],"36":[13,12]},"_coverageSchema":"1a1c01bbd47fc00a2c39e90264f33305004495a9","hash":"eab2716078a31bd02d97057551ed7e85e11f8851"}
}
