TN:
SF:src/config.js
FN:7,findConfigurationErrorIssue
FN:14,createConfigurationErrorIssue
FN:15,(anonymous_2)
FN:29,handleError
FN:39,load
FN:60,isModeAuto
FN:64,isModeChatOps
FN:68,isExperimentalBranchNameArgument
FN:73,autoCloseIssue
FN:77,isSilent
FN:85,isChatOpsCommand
FN:90,getChatOpsCommandArgument
FN:99,getGitSafeReplacementChar
FNF:13
FNH:13
FNDA:2,findConfigurationErrorIssue
FNDA:2,createConfigurationErrorIssue
FNDA:2,(anonymous_2)
FNDA:2,handleError
FNDA:30,load
FNDA:25,isModeAuto
FNDA:35,isModeChatOps
FNDA:9,isExperimentalBranchNameArgument
FNDA:1,autoCloseIssue
FNDA:24,isSilent
FNDA:20,isChatOpsCommand
FNDA:6,getChatOpsCommandArgument
FNDA:35,getGitSafeReplacementChar
DA:5,5
DA:8,2
DA:9,2
DA:11,2
DA:15,2
DA:16,2
DA:24,2
DA:30,2
DA:31,2
DA:32,2
DA:33,0
DA:35,2
DA:40,30
DA:41,30
DA:42,29
DA:43,4
DA:45,29
DA:46,12
DA:47,19
DA:48,1
DA:49,1
DA:53,28
DA:55,1
DA:56,1
DA:61,25
DA:65,35
DA:69,9
DA:74,1
DA:78,24
DA:79,2
DA:81,22
DA:86,20
DA:87,20
DA:91,6
DA:92,6
DA:93,4
DA:95,2
DA:100,35
DA:103,5
LF:39
LH:38
BRDA:32,0,0,0
BRDA:32,0,1,2
BRDA:42,1,0,4
BRDA:42,1,1,25
BRDA:45,2,0,12
BRDA:45,2,1,17
BRDA:47,3,0,1
BRDA:47,3,1,18
BRDA:61,4,0,25
BRDA:61,4,1,22
BRDA:65,5,0,35
BRDA:65,5,1,34
BRDA:65,5,2,14
BRDA:69,6,0,9
BRDA:69,6,1,8
BRDA:69,6,2,4
BRDA:69,6,3,3
BRDA:74,7,0,1
BRDA:74,7,1,1
BRDA:78,8,0,2
BRDA:78,8,1,22
BRDA:92,9,0,4
BRDA:92,9,1,2
BRDA:100,10,0,1
BRDA:100,10,1,34
BRF:25
BRH:24
end_of_record
TN:
SF:src/context.js
FN:1,getRepoOwner
FN:5,getRepoName
FN:9,getRepoUrl
FN:13,getIssueNumber
FN:17,getIssueTitle
FN:21,getDefaultBranch
FN:25,getIssueLabels
FN:26,(anonymous_7)
FNF:8
FNH:8
FNDA:73,getRepoOwner
FNDA:73,getRepoName
FNDA:22,getRepoUrl
FNDA:33,getIssueNumber
FNDA:31,getIssueTitle
FNDA:14,getDefaultBranch
FNDA:46,getIssueLabels
FNDA:56,(anonymous_7)
DA:2,73
DA:6,73
DA:10,22
DA:14,33
DA:18,31
DA:22,14
DA:26,56
DA:27,46
DA:28,3
DA:30,43
DA:34,4
LF:11
LH:11
BRDA:27,0,0,3
BRDA:27,0,1,43
BRF:2
BRH:2
end_of_record
TN:
SF:src/github.js
FN:5,createIssueBranch
FN:16,getBranchNameFromIssue
FN:21,getBranchName
FN:43,getIssueNumberFromBranchName
FN:58,getIssueBranchPrefix
FN:67,getIssueBranchConfig
FN:80,allLabelsMatchIssueLabels
FN:81,(anonymous_7)
FN:81,(anonymous_8)
FN:84,skipBranchCreationForIssue
FN:93,addComment
FN:101,branchExists
FN:114,getSourceBranchHeadSha
FN:131,getBranchHeadSha
FN:143,createBranch
FNF:15
FNH:15
FNDA:25,createIssueBranch
FNDA:31,getBranchNameFromIssue
FNDA:33,getBranchName
FNDA:9,getIssueNumberFromBranchName
FNDA:36,getIssueBranchPrefix
FNDA:85,getIssueBranchConfig
FNDA:50,allLabelsMatchIssueLabels
FNDA:54,(anonymous_7)
FNDA:64,(anonymous_8)
FNDA:22,skipBranchCreationForIssue
FNDA:24,addComment
FNDA:25,branchExists
FNDA:22,getSourceBranchHeadSha
FNDA:23,getBranchHeadSha
FNDA:24,createBranch
DA:1,4
DA:2,4
DA:3,4
DA:6,25
DA:7,3
DA:8,1
DA:11,22
DA:12,22
DA:17,31
DA:18,31
DA:22,33
DA:24,33
DA:25,11
DA:26,1
DA:27,10
DA:28,3
DA:29,7
DA:30,1
DA:32,6
DA:33,6
DA:36,22
DA:38,33
DA:39,33
DA:44,9
DA:45,2
DA:47,9
DA:48,9
DA:49,3
DA:51,6
DA:52,6
DA:53,6
DA:55,0
DA:59,36
DA:60,36
DA:61,36
DA:62,9
DA:64,36
DA:68,85
DA:69,46
DA:70,46
DA:71,50
DA:72,50
DA:73,43
DA:77,42
DA:81,64
DA:85,22
DA:86,22
DA:87,12
DA:89,10
DA:94,24
DA:95,24
DA:96,23
DA:97,23
DA:102,25
DA:103,25
DA:104,25
DA:105,25
DA:108,3
DA:110,22
DA:115,22
DA:117,22
DA:118,9
DA:119,9
DA:120,8
DA:123,22
DA:124,14
DA:125,14
DA:126,14
DA:128,22
DA:132,23
DA:133,23
DA:136,22
DA:137,22
DA:139,1
DA:144,24
DA:145,24
DA:146,24
DA:147,24
DA:150,22
DA:151,22
DA:152,22
DA:153,22
DA:154,0
DA:156,22
DA:158,2
DA:159,1
DA:161,1
DA:166,4
LF:88
LH:86
BRDA:6,0,0,3
BRDA:6,0,1,22
BRDA:7,1,0,1
BRDA:7,1,1,2
BRDA:24,2,0,11
BRDA:24,2,1,22
BRDA:25,3,0,1
BRDA:25,3,1,10
BRDA:27,4,0,3
BRDA:27,4,1,7
BRDA:29,5,0,1
BRDA:29,5,1,6
BRDA:44,6,0,2
BRDA:44,6,1,7
BRDA:48,7,0,3
BRDA:48,7,1,6
BRDA:52,8,0,6
BRDA:52,8,1,0
BRDA:61,9,0,9
BRDA:61,9,1,27
BRDA:61,10,0,36
BRDA:61,10,1,17
BRDA:68,11,0,46
BRDA:68,11,1,39
BRDA:71,12,0,4
BRDA:71,12,1,46
BRDA:72,13,0,43
BRDA:72,13,1,7
BRDA:86,14,0,12
BRDA:86,14,1,10
BRDA:95,15,0,23
BRDA:95,15,1,1
BRDA:117,16,0,9
BRDA:117,16,1,13
BRDA:117,17,0,22
BRDA:117,17,1,10
BRDA:119,18,0,8
BRDA:119,18,1,1
BRDA:123,19,0,14
BRDA:123,19,1,8
BRDA:153,20,0,0
BRDA:153,20,1,22
BRDA:158,21,0,1
BRDA:158,21,1,1
BRF:44
BRH:42
end_of_record
TN:
SF:src/probot.js
FN:7,(anonymous_0)
FN:12,(anonymous_1)
FN:15,(anonymous_2)
FN:19,(anonymous_3)
FN:22,(anonymous_4)
FN:28,addStatsRoute
FN:30,(anonymous_6)
FN:35,configureSentry
FN:44,logMemoryUsage
FN:48,issueAssigned
FN:60,commentCreated
FN:82,pullRequestClosed
FNF:12
FNH:11
FNDA:32,(anonymous_0)
FNDA:22,(anonymous_1)
FNDA:7,(anonymous_2)
FNDA:2,(anonymous_3)
FNDA:1,(anonymous_4)
FNDA:32,addStatsRoute
FNDA:0,(anonymous_6)
FNDA:32,configureSentry
FNDA:57,logMemoryUsage
FNDA:22,issueAssigned
FNDA:8,commentCreated
FNDA:2,pullRequestClosed
DA:1,3
DA:2,3
DA:3,3
DA:4,3
DA:5,3
DA:7,3
DA:8,32
DA:9,32
DA:10,32
DA:11,32
DA:12,32
DA:13,22
DA:15,32
DA:16,7
DA:17,7
DA:19,32
DA:20,2
DA:22,32
DA:23,1
DA:24,1
DA:29,32
DA:30,32
DA:31,0
DA:36,32
DA:37,0
DA:38,0
DA:40,32
DA:45,57
DA:49,22
DA:50,22
DA:51,22
DA:52,20
DA:53,19
DA:54,19
DA:55,19
DA:61,8
DA:62,7
DA:63,7
DA:64,7
DA:66,6
DA:67,2
DA:68,2
DA:69,2
DA:71,0
DA:74,4
DA:76,6
DA:77,6
DA:83,2
DA:84,1
DA:85,1
DA:86,1
DA:87,1
DA:88,1
DA:89,1
DA:90,1
DA:91,1
DA:92,1
DA:93,1
LF:58
LH:54
BRDA:36,0,0,0
BRDA:36,0,1,32
BRDA:51,1,0,20
BRDA:51,1,1,2
BRDA:52,2,0,19
BRDA:52,2,1,1
BRDA:61,3,0,7
BRDA:61,3,1,1
BRDA:64,4,0,6
BRDA:64,4,1,1
BRDA:66,5,0,2
BRDA:66,5,1,4
BRDA:68,6,0,2
BRDA:68,6,1,0
BRDA:83,7,0,1
BRDA:83,7,1,1
BRDA:85,8,0,1
BRDA:85,8,1,0
BRDA:85,9,0,1
BRDA:85,9,1,1
BRDA:90,10,0,1
BRDA:90,10,1,0
BRDA:92,11,0,1
BRDA:92,11,1,0
BRF:24
BRH:19
end_of_record
TN:
SF:src/utils.js
FN:3,makePrefixGitSafe
FN:8,makeGitSafe
FN:14,trim
FN:22,interpolate
FN:23,(anonymous_4)
FN:24,(anonymous_5)
FN:25,(anonymous_6)
FN:32,(anonymous_7)
FN:43,wildcardMatch
FN:48,isProduction
FN:52,pushMetric
FN:61,(anonymous_11)
FNF:12
FNH:10
FNDA:36,makePrefixGitSafe
FNDA:39,makeGitSafe
FNDA:114,trim
FNDA:49,interpolate
FNDA:42,(anonymous_4)
FNDA:38,(anonymous_5)
FNDA:21,(anonymous_6)
FNDA:41,(anonymous_7)
FNDA:72,wildcardMatch
FNDA:22,isProduction
FNDA:0,pushMetric
FNDA:0,(anonymous_11)
DA:1,5
DA:4,36
DA:5,36
DA:9,39
DA:10,39
DA:11,39
DA:15,114
DA:16,114
DA:17,114
DA:18,114
DA:19,114
DA:23,49
DA:24,49
DA:25,49
DA:27,21
DA:28,3
DA:30,18
DA:32,41
DA:33,21
DA:34,2
DA:35,19
DA:36,1
DA:38,18
DA:44,72
DA:45,72
DA:49,22
DA:53,0
DA:54,0
DA:60,0
DA:61,0
DA:62,0
DA:63,0
DA:65,0
DA:70,5
LF:34
LH:27
BRDA:8,0,0,3
BRDA:17,1,0,116
BRDA:17,1,1,90
BRDA:18,2,0,136
BRDA:18,2,1,110
BRDA:19,3,0,22
BRDA:19,3,1,92
BRDA:19,4,0,114
BRDA:19,4,1,113
BRDA:23,5,0,42
BRDA:23,5,1,42
BRDA:24,6,0,38
BRDA:24,6,1,38
BRDA:27,7,0,3
BRDA:27,7,1,18
BRDA:27,8,0,21
BRDA:27,8,1,19
BRDA:32,9,0,41
BRDA:32,9,1,40
BRDA:33,10,0,2
BRDA:33,10,1,19
BRDA:35,11,0,1
BRDA:35,11,1,18
BRDA:53,12,0,0
BRDA:53,12,1,0
BRDA:62,13,0,0
BRDA:62,13,1,0
BRF:27
BRH:23
end_of_record
TN:
SF:tests/test-helpers.js
FN:4,issueAssignedWithLabelsPayload
FN:6,(anonymous_1)
FN:10,nockAccessToken
FN:16,nockEmptyConfig
FN:29,nockConfig
FN:36,nockExistingBranch
FN:42,nockNonExistingBranch
FN:48,nockBranchCreatedComment
FNF:8
FNH:8
FNDA:12,issueAssignedWithLabelsPayload
FNDA:18,(anonymous_1)
FNDA:32,nockAccessToken
FNDA:4,nockEmptyConfig
FNDA:28,nockConfig
FNDA:39,nockExistingBranch
FNDA:24,nockNonExistingBranch
FNDA:17,nockBranchCreatedComment
DA:1,3
DA:2,3
DA:5,12
DA:6,18
DA:7,12
DA:11,32
DA:17,4
DA:30,28
DA:37,39
DA:43,24
DA:49,17
DA:54,3
LF:12
LH:12
BRF:0
BRH:0
end_of_record
