TN:
SF:probot.js
FN:5,(anonymous_0)
FN:15,(anonymous_1)
FN:22,(anonymous_2)
FN:33,createIssueBranch
FN:47,isProduction
FN:51,isChatOpsCommand
FN:55,getRepoOwner
FN:59,getRepoName
FN:63,getRepoUrl
FN:67,getIssueNumber
FN:71,getIssueTitle
FN:75,getDefaultBranch
FN:79,addComment
FN:86,getIssueLabels
FN:87,(anonymous_14)
FN:95,branchExists
FN:106,getSourceBranchHeadSha
FN:123,getBranchHeadSha
FN:135,createBranch
FN:153,pushMetric
FN:162,(anonymous_20)
FN:171,isModeAuto
FN:175,isModeChatOps
FN:179,isSilent
FN:188,getBranchNameFromIssue
FN:207,getIssueBranchPrefix
FN:216,getIssueBranchConfig
FN:220,(anonymous_27)
FN:228,makeGitSafe
FN:236,trim
FN:244,interpolate
FN:245,(anonymous_31)
FN:247,(anonymous_32)
FN:251,wildcardMatch
FNF:34
FNH:32
FNDA:34,(anonymous_0)
FNDA:14,(anonymous_1)
FNDA:3,(anonymous_2)
FNDA:15,createIssueBranch
FNDA:14,isProduction
FNDA:13,isChatOpsCommand
FNDA:30,getRepoOwner
FNDA:30,getRepoName
FNDA:14,getRepoUrl
FNDA:23,getIssueNumber
FNDA:23,getIssueTitle
FNDA:8,getDefaultBranch
FNDA:15,addComment
FNDA:25,getIssueLabels
FNDA:27,(anonymous_14)
FNDA:15,branchExists
FNDA:14,getSourceBranchHeadSha
FNDA:15,getBranchHeadSha
FNDA:16,createBranch
FNDA:0,pushMetric
FNDA:0,(anonymous_20)
FNDA:13,isModeAuto
FNDA:30,isModeChatOps
FNDA:15,isSilent
FNDA:23,getBranchNameFromIssue
FNDA:26,getIssueBranchPrefix
FNDA:43,getIssueBranchConfig
FNDA:32,(anonymous_27)
FNDA:26,makeGitSafe
FNDA:26,trim
FNDA:30,interpolate
FNDA:6,(anonymous_31)
FNDA:13,(anonymous_32)
FNDA:40,wildcardMatch
DA:1,1
DA:2,1
DA:3,1
DA:5,1
DA:6,34
DA:8,34
DA:9,0
DA:10,0
DA:12,34
DA:15,34
DA:16,14
DA:17,14
DA:18,14
DA:19,13
DA:22,34
DA:23,3
DA:24,3
DA:25,3
DA:26,3
DA:27,2
DA:34,15
DA:35,15
DA:36,15
DA:37,15
DA:38,1
DA:40,14
DA:41,14
DA:42,14
DA:43,14
DA:48,14
DA:52,13
DA:56,30
DA:60,30
DA:64,14
DA:68,23
DA:72,23
DA:76,8
DA:80,15
DA:81,1
DA:82,1
DA:87,27
DA:88,25
DA:89,2
DA:91,23
DA:96,15
DA:97,15
DA:100,1
DA:102,14
DA:107,14
DA:109,14
DA:110,7
DA:111,7
DA:112,6
DA:115,14
DA:116,8
DA:117,8
DA:118,8
DA:120,14
DA:124,15
DA:125,15
DA:128,14
DA:129,14
DA:131,1
DA:136,16
DA:137,16
DA:140,14
DA:141,0
DA:143,14
DA:145,2
DA:146,1
DA:148,1
DA:154,0
DA:155,0
DA:161,0
DA:162,0
DA:163,0
DA:164,0
DA:166,0
DA:172,13
DA:176,30
DA:180,15
DA:181,1
DA:182,14
DA:183,1
DA:185,13
DA:189,23
DA:190,23
DA:193,23
DA:194,2
DA:195,2
DA:197,21
DA:198,1
DA:199,20
DA:200,3
DA:202,17
DA:204,23
DA:208,26
DA:209,26
DA:210,26
DA:211,8
DA:213,26
DA:217,43
DA:218,25
DA:219,25
DA:220,32
DA:221,23
DA:225,20
DA:229,26
DA:230,26
DA:231,14
DA:233,26
DA:237,26
DA:238,26
DA:239,26
DA:240,26
DA:241,26
DA:245,30
DA:246,6
DA:247,13
DA:252,40
DA:253,40
DA:257,1
DA:258,1
DA:259,1
DA:260,1
DA:261,1
DA:262,1
DA:263,1
DA:264,1
LF:129
LH:119
BRDA:8,0,0,0
BRDA:8,0,1,34
BRDA:18,1,0,13
BRDA:18,1,1,1
BRDA:18,2,0,14
BRDA:18,2,1,13
BRDA:23,3,0,3
BRDA:23,3,1,0
BRDA:26,4,0,2
BRDA:26,4,1,1
BRDA:26,5,0,3
BRDA:26,5,1,3
BRDA:37,6,0,1
BRDA:37,6,1,14
BRDA:80,7,0,1
BRDA:80,7,1,14
BRDA:88,8,0,2
BRDA:88,8,1,23
BRDA:109,9,0,7
BRDA:109,9,1,7
BRDA:109,10,0,14
BRDA:109,10,1,7
BRDA:111,11,0,6
BRDA:111,11,1,1
BRDA:115,12,0,8
BRDA:115,12,1,6
BRDA:140,13,0,0
BRDA:140,13,1,14
BRDA:145,14,0,1
BRDA:145,14,1,1
BRDA:154,15,0,0
BRDA:154,15,1,0
BRDA:163,16,0,0
BRDA:163,16,1,0
BRDA:176,17,0,30
BRDA:176,17,1,4
BRDA:180,18,0,1
BRDA:180,18,1,14
BRDA:182,19,0,1
BRDA:182,19,1,13
BRDA:193,20,0,2
BRDA:193,20,1,21
BRDA:195,21,0,1
BRDA:195,21,1,1
BRDA:195,22,0,2
BRDA:195,22,1,1
BRDA:197,23,0,1
BRDA:197,23,1,20
BRDA:197,24,0,21
BRDA:197,24,1,5
BRDA:199,25,0,3
BRDA:199,25,1,17
BRDA:199,26,0,20
BRDA:199,26,1,4
BRDA:210,27,0,8
BRDA:210,27,1,18
BRDA:210,28,0,26
BRDA:210,28,1,14
BRDA:217,29,0,25
BRDA:217,29,1,18
BRDA:220,30,0,23
BRDA:220,30,1,5
BRDA:230,31,0,14
BRDA:230,31,1,12
BRDA:239,32,0,27
BRDA:239,32,1,27
BRDA:240,33,0,26
BRDA:240,33,1,26
BRDA:241,34,0,1
BRDA:241,34,1,25
BRDA:241,35,0,26
BRDA:241,35,1,25
BRDA:247,36,0,13
BRDA:247,36,1,12
BRF:74
BRH:67
end_of_record
